2018-07-20 07:01:40, action:SEARCH_FILM, cinema:ALL, code:00, time_process:0
2018-07-20 07:01:56, action:SEARCH_FILM, cinema:ALL, code:00, time_process:0
2018-07-20 07:02:13, action:SEARCH_FILM, cinema:ALL, code:00, time_process:0
2018-07-20 07:04:31, action:SEARCH_FILM, cinema:ALL, code:00, time_process:0
2018-07-20 07:04:41, action:SEARCH_FILM, cinema:54, code:00, time_process:0
2018-07-20 07:05:33, action:SEARCH_FILM, cinema:ALL, code:00, time_process:0
2018-07-20 07:06:49, action:SEARCH_FILM, cinema:ALL, code:00, time_process:0
2018-07-20 07:07:36, action:SEARCH_FILM, cinema:ALL, code:00, time_process:0
2018-07-20 07:07:40, action:SEARCH_FILM, cinema:57, code:00, time_process:0
2018-07-20 07:08:02, action:SEARCH_FILM, cinema:ALL, code:00, time_process:0
2018-07-20 07:08:33, action:SEARCH_FILM, cinema:ALL, code:00, time_process:0
2018-07-20 07:08:47, action:SEARCH_FILM, cinema:ALL, code:00, time_process:0
2018-07-20 07:09:30, action:SEARCH_FILM, cinema:ALL, code:00, time_process:0
2018-07-20 07:10:28, action:SEARCH_FILM, cinema:ALL, code:00, time_process:0
2018-07-20 07:10:33, action:SEARCH_FILM, cinema:58, code:00, time_process:0
2018-07-20 07:11:10, action:SEARCH_FILM, cinema:ALL, code:00, time_process:0
2018-07-20 07:11:41, action:SEARCH_FILM, cinema:ALL, code:00, time_process:0
2018-07-20 07:11:56, action:SEARCH_FILM, cinema:ALL, code:00, time_process:0
2018-07-20 07:13:06, action:SEARCH_FILM, cinema:ALL, code:00, time_process:0
2018-07-20 07:13:18, action:SEARCH_FILM, cinema:ALL, code:00, time_process:0
2018-07-20 07:13:46, action:SEARCH_FILM, cinema:ALL, code:00, time_process:0
2018-07-20 07:13:56, action:SEARCH_FILM, cinema:ALL, code:00, time_process:0
2018-07-20 07:15:31, action:SEARCH_FILM, cinema:ALL, code:00, time_process:0
2018-07-20 07:16:19, action:SEARCH_FILM, cinema:ALL, code:00, time_process:0
2018-07-20 07:16:43, action:SEARCH_FILM, cinema:ALL, code:00, time_process:0
2018-07-20 07:16:44, action:SEARCH_FILM, cinema:ALL, code:00, time_process:0
2018-07-20 07:17:17, action:SEARCH_FILM, cinema:ALL, code:00, time_process:0
2018-07-20 07:17:37, action:SEARCH_FILM, cinema:56, code:00, time_process:0
2018-07-20 07:17:59, action:SEARCH_FILM, cinema:ALL, code:00, time_process:0
2018-07-20 07:18:07, action:SEARCH_FILM, cinema:ALL, code:00, time_process:0
2018-07-20 07:18:32, action:SEARCH_FILM, cinema:ALL, code:00, time_process:0
2018-07-20 07:18:32, action:SEARCH_FILM, cinema:ALL, code:00, time_process:0
2018-07-20 07:19:20, action:SEARCH_FILM, cinema:ALL, code:00, time_process:0
2018-07-20 07:19:51, action:SEARCH_FILM, cinema:ALL, code:00, time_process:0
2018-07-20 07:20:53, action:SEARCH_FILM, cinema:ALL, code:00, time_process:0
2018-07-20 07:20:58, action:SEARCH_FILM, cinema:67, code:00, time_process:0
2018-07-20 07:22:35, action:SEARCH_FILM, cinema:ALL, code:00, time_process:0
2018-07-20 07:22:50, action:SEARCH_FILM, cinema:48, code:00, time_process:0
2018-07-20 07:24:14, action:SEARCH_FILM, cinema:ALL, code:00, time_process:0
2018-07-20 07:25:58, action:SEARCH_FILM, cinema:ALL, code:00, time_process:0
2018-07-20 07:26:01, action:SEARCH_FILM, cinema:ALL, code:00, time_process:0
2018-07-20 07:26:16, action:SEARCH_FILM, cinema:ALL, code:00, time_process:0
2018-07-20 07:26:26, action:SEARCH_FILM, cinema:53, code:00, time_process:0
2018-07-20 07:27:53, action:SEARCH_FILM, cinema:ALL, code:00, time_process:0
2018-07-20 07:27:53, action:SEARCH_FILM, cinema:ALL, code:00, time_process:0
2018-07-20 07:28:11, action:SEARCH_FILM, cinema:ALL, code:00, time_process:0
2018-07-20 07:28:39, action:SEARCH_FILM, cinema:ALL, code:00, time_process:0
2018-07-20 07:30:04, action:SEARCH_FILM, cinema:ALL, code:00, time_process:0
2018-07-20 07:30:41, action:SEARCH_FILM, cinema:ALL, code:00, time_process:0
2018-07-20 07:31:52, action:SEARCH_FILM, cinema:ALL, code:00, time_process:0
2018-07-20 07:32:10, action:SEARCH_FILM, cinema:ALL, code:00, time_process:0
2018-07-20 07:33:19, action:SEARCH_FILM, cinema:ALL, code:00, time_process:0
2018-07-20 07:34:24, action:SEARCH_FILM, cinema:ALL, code:00, time_process:0
2018-07-20 07:35:45, action:SEARCH_FILM, cinema:ALL, code:00, time_process:0
2018-07-20 07:35:51, action:SEARCH_FILM, cinema:ALL, code:00, time_process:0
2018-07-20 07:36:01, action:SEARCH_FILM, cinema:57, code:00, time_process:0
2018-07-20 07:36:23, action:GET_TICKET_TYPE, sessioncode:963258, code:00, time_process:0
2018-07-20 07:36:40, action:GET_TICKET_TYPE, sessioncode:963310, code:00, time_process:0
2018-07-20 07:36:48, action:SEARCH_FILM, cinema:ALL, code:00, time_process:0
2018-07-20 07:37:32, action:SEARCH_FILM, cinema:ALL, code:00, time_process:0
2018-07-20 07:38:38, action:SEARCH_FILM, cinema:ALL, code:00, time_process:0
2018-07-20 07:39:35, action:SEARCH_FILM, cinema:ALL, code:00, time_process:0
2018-07-20 07:39:44, action:SEARCH_FILM, cinema:ALL, code:00, time_process:0
2018-07-20 07:39:50, action:SEARCH_FILM, cinema:48, code:00, time_process:0
2018-07-20 07:40:13, action:SEARCH_FILM, cinema:ALL, code:00, time_process:0
2018-07-20 07:40:38, action:GET_TICKET_TYPE, sessioncode:965694, code:00, time_process:0
2018-07-20 07:41:06, action:SEARCH_FILM, cinema:ALL, code:00, time_process:0
2018-07-20 07:41:08, action:GET_SEAT, queryId:218038, code:00, time_process:2
2018-07-20 07:41:46, action:SEARCH_FILM, cinema:ALL, code:00, time_process:0
2018-07-20 07:41:50, action:SEARCH_FILM, cinema:57, code:00, time_process:0
2018-07-20 07:41:53, action:SEARCH_FILM, cinema:ALL, code:00, time_process:0
2018-07-20 07:42:16, action:SEARCH_FILM, cinema:ALL, code:00, time_process:0
2018-07-20 07:42:21, action:GET_TICKET_TYPE, sessioncode:963252, code:00, time_process:0
2018-07-20 07:42:35, action:GET_TICKET_TYPE, sessioncode:963346, code:00, time_process:0
2018-07-20 07:42:41, action:GET_TICKET_TYPE, sessioncode:963258, code:00, time_process:0
2018-07-20 07:42:48, action:SEARCH_FILM, cinema:56, code:00, time_process:0
2018-07-20 07:42:54, action:SEARCH_FILM, cinema:ALL, code:00, time_process:0
2018-07-20 07:42:58, action:GET_TICKET_TYPE, sessioncode:964034, code:00, time_process:0
2018-07-20 07:43:14, action:GET_TICKET_TYPE, sessioncode:964074, code:00, time_process:0
2018-07-20 07:43:18, action:GET_TICKET_TYPE, sessioncode:964146, code:00, time_process:0
2018-07-20 07:43:24, action:SEARCH_FILM, cinema:ALL, code:00, time_process:0
2018-07-20 07:43:29, action:GET_TICKET_TYPE, sessioncode:964022, code:00, time_process:0
2018-07-20 07:43:37, action:SEARCH_FILM, cinema:ALL, code:00, time_process:0
2018-07-20 07:43:39, action:SEARCH_FILM, cinema:ALL, code:00, time_process:0
2018-07-20 07:43:48, action:SEARCH_FILM, cinema:ALL, code:00, time_process:0
2018-07-20 07:44:25, action:SEARCH_FILM, cinema:ALL, code:00, time_process:0
2018-07-20 07:44:33, action:SEARCH_FILM, cinema:ALL, code:00, time_process:0
2018-07-20 07:44:43, action:SEARCH_FILM, cinema:58, code:00, time_process:0
2018-07-20 07:44:56, action:GET_TICKET_TYPE, sessioncode:963622, code:00, time_process:0
2018-07-20 07:45:53, action:SEARCH_FILM, cinema:ALL, code:00, time_process:0
2018-07-20 07:46:31, action:SEARCH_FILM, cinema:ALL, code:00, time_process:0
2018-07-20 07:48:03, action:SEARCH_FILM, cinema:ALL, code:00, time_process:0
2018-07-20 07:48:29, action:SEARCH_FILM, cinema:ALL, code:00, time_process:0
2018-07-20 07:48:50, action:SEARCH_FILM, cinema:ALL, code:00, time_process:0
2018-07-20 07:49:56, action:SEARCH_FILM, cinema:ALL, code:00, time_process:0
2018-07-20 07:50:33, action:SEARCH_FILM, cinema:ALL, code:00, time_process:0
2018-07-20 07:50:49, action:SEARCH_FILM, cinema:ALL, code:00, time_process:0
2018-07-20 07:51:13, action:SEARCH_FILM, cinema:ALL, code:00, time_process:0
2018-07-20 07:51:15, action:SEARCH_FILM, cinema:ALL, code:00, time_process:0
2018-07-20 07:53:01, action:SEARCH_FILM, cinema:ALL, code:00, time_process:0
2018-07-20 07:53:19, action:SEARCH_FILM, cinema:ALL, code:00, time_process:0
2018-07-20 07:54:41, action:SEARCH_FILM, cinema:ALL, code:00, time_process:0
2018-07-20 07:54:47, action:SEARCH_FILM, cinema:ALL, code:00, time_process:0
2018-07-20 07:55:11, action:SEARCH_FILM, cinema:ALL, code:00, time_process:0
2018-07-20 07:55:21, action:SEARCH_FILM, cinema:ALL, code:00, time_process:0
2018-07-20 07:56:37, action:SEARCH_FILM, cinema:ALL, code:00, time_process:0
2018-07-20 07:56:38, action:SEARCH_FILM, cinema:ALL, code:00, time_process:0
2018-07-20 07:56:39, action:SEARCH_FILM, cinema:ALL, code:00, time_process:0
2018-07-20 07:56:46, action:SEARCH_FILM, cinema:50, code:00, time_process:0
2018-07-20 07:56:58, action:SEARCH_FILM, cinema:ALL, code:00, time_process:0
2018-07-20 07:57:03, action:GET_TICKET_TYPE, sessioncode:964190, code:00, time_process:0
2018-07-20 07:57:22, action:SEARCH_FILM, cinema:43, code:00, time_process:0
2018-07-20 07:57:50, action:SEARCH_FILM, cinema:ALL, code:00, time_process:0
2018-07-20 07:58:17, action:SEARCH_FILM, cinema:ALL, code:00, time_process:0
2018-07-20 07:58:36, action:SEARCH_FILM, cinema:ALL, code:00, time_process:0
2018-07-20 07:59:19, action:SEARCH_FILM, cinema:ALL, code:00, time_process:0
2018-07-20 07:59:20, action:SEARCH_FILM, cinema:ALL, code:00, time_process:0
2018-07-20 07:59:41, action:SEARCH_FILM, cinema:ALL, code:00, time_process:0
2018-07-20 08:00:56, action:SEARCH_FILM, cinema:ALL, code:00, time_process:0
2018-07-20 08:01:05, action:SEARCH_FILM, cinema:ALL, code:00, time_process:0
2018-07-20 08:01:51, action:SEARCH_FILM, cinema:ALL, code:00, time_process:0
2018-07-20 08:02:20, action:SEARCH_FILM, cinema:ALL, code:00, time_process:0
2018-07-20 08:03:26, action:SEARCH_FILM, cinema:ALL, code:00, time_process:0
2018-07-20 08:04:01, action:SEARCH_FILM, cinema:ALL, code:00, time_process:0
2018-07-20 08:04:43, action:SEARCH_FILM, cinema:49, code:00, time_process:0
2018-07-20 08:04:56, action:GET_TICKET_TYPE, sessioncode:968112, code:00, time_process:0
2018-07-20 08:05:17, action:SEARCH_FILM, cinema:ALL, code:00, time_process:0
2018-07-20 08:05:20, action:SEARCH_FILM, cinema:ALL, code:00, time_process:0
2018-07-20 08:05:42, action:SEARCH_FILM, cinema:ALL, code:00, time_process:0
2018-07-20 08:05:44, action:SEARCH_FILM, cinema:ALL, code:00, time_process:0
2018-07-20 08:05:51, action:SEARCH_FILM, cinema:ALL, code:00, time_process:0
2018-07-20 08:05:57, action:SEARCH_FILM, cinema:43, code:00, time_process:0
2018-07-20 08:06:07, action:SEARCH_FILM, cinema:ALL, code:00, time_process:0
2018-07-20 08:06:14, action:SEARCH_FILM, cinema:ALL, code:00, time_process:0
2018-07-20 08:06:22, action:SEARCH_FILM, cinema:ALL, code:00, time_process:0
2018-07-20 08:06:59, action:SEARCH_FILM, cinema:ALL, code:00, time_process:0
2018-07-20 08:07:26, action:SEARCH_FILM, cinema:ALL, code:00, time_process:0
2018-07-20 08:07:40, action:SEARCH_FILM, cinema:ALL, code:00, time_process:0
2018-07-20 08:07:45, action:SEARCH_FILM, cinema:ALL, code:00, time_process:0
2018-07-20 08:07:49, action:SEARCH_FILM, cinema:ALL, code:00, time_process:0
2018-07-20 08:07:55, action:SEARCH_FILM, cinema:ALL, code:00, time_process:0
2018-07-20 08:08:00, action:SEARCH_FILM, cinema:ALL, code:00, time_process:0
2018-07-20 08:08:02, action:SEARCH_FILM, cinema:67, code:00, time_process:0
2018-07-20 08:08:20, action:SEARCH_FILM, cinema:ALL, code:00, time_process:0
2018-07-20 08:08:22, action:SEARCH_FILM, cinema:50, code:00, time_process:0
2018-07-20 08:08:25, action:SEARCH_FILM, cinema:ALL, code:00, time_process:0
2018-07-20 08:08:33, action:GET_TICKET_TYPE, sessioncode:965116, code:00, time_process:0
2018-07-20 08:08:34, action:SEARCH_FILM, cinema:ALL, code:00, time_process:0
2018-07-20 08:08:53, action:GET_SEAT, queryId:218049, code:00, time_process:4
2018-07-20 08:09:23, action:SEARCH_FILM, cinema:ALL, code:00, time_process:0
2018-07-20 08:09:54, action:SEARCH_FILM, cinema:ALL, code:00, time_process:0
2018-07-20 08:10:02, action:SEARCH_FILM, cinema:ALL, code:00, time_process:0
2018-07-20 08:10:14, action:SEARCH_FILM, cinema:57, code:00, time_process:0
2018-07-20 08:10:26, action:SEARCH_FILM, cinema:ALL, code:00, time_process:0
2018-07-20 08:10:37, action:SEARCH_FILM, cinema:ALL, code:00, time_process:0
2018-07-20 08:10:43, action:SEARCH_FILM, cinema:ALL, code:00, time_process:0
2018-07-20 08:10:46, action:SEARCH_FILM, cinema:ALL, code:00, time_process:0
2018-07-20 08:11:51, action:SEARCH_FILM, cinema:57, code:00, time_process:0
2018-07-20 08:12:43, action:SEARCH_FILM, cinema:ALL, code:00, time_process:0
2018-07-20 08:13:11, action:SEARCH_FILM, cinema:ALL, code:00, time_process:0
2018-07-20 08:13:19, action:SEARCH_FILM, cinema:ALL, code:00, time_process:0
2018-07-20 08:13:26, action:SEARCH_FILM, cinema:58, code:00, time_process:0
2018-07-20 08:14:38, action:SEARCH_FILM, cinema:ALL, code:00, time_process:0
2018-07-20 08:14:45, action:SEARCH_FILM, cinema:ALL, code:00, time_process:0
2018-07-20 08:14:53, action:SEARCH_FILM, cinema:57, code:00, time_process:0
2018-07-20 08:15:18, action:SEARCH_FILM, cinema:ALL, code:00, time_process:0
2018-07-20 08:15:32, action:SEARCH_FILM, cinema:ALL, code:00, time_process:0
2018-07-20 08:15:32, action:SEARCH_FILM, cinema:ALL, code:00, time_process:0
2018-07-20 08:15:35, action:SEARCH_FILM, cinema:ALL, code:00, time_process:0
2018-07-20 08:15:37, action:SEARCH_FILM, cinema:ALL, code:00, time_process:0
2018-07-20 08:15:46, action:SEARCH_FILM, cinema:ALL, code:00, time_process:0
2018-07-20 08:15:47, action:SEARCH_FILM, cinema:58, code:00, time_process:0
2018-07-20 08:15:50, action:SEARCH_FILM, cinema:ALL, code:00, time_process:0
2018-07-20 08:15:51, action:SEARCH_FILM, cinema:56, code:00, time_process:0
2018-07-20 08:16:05, action:GET_TICKET_TYPE, sessioncode:964148, code:00, time_process:0
2018-07-20 08:16:21, action:GET_TICKET_TYPE, sessioncode:964066, code:00, time_process:0
2018-07-20 08:16:22, action:GET_SEAT, queryId:218050, code:00, time_process:3
2018-07-20 08:16:28, action:SEARCH_FILM, cinema:57, code:00, time_process:0
2018-07-20 08:17:02, action:SEARCH_FILM, cinema:ALL, code:00, time_process:0
2018-07-20 08:17:21, action:SEARCH_FILM, cinema:ALL, code:00, time_process:0
2018-07-20 08:17:37, action:SEARCH_FILM, cinema:ALL, code:00, time_process:0
2018-07-20 08:17:45, action:SEARCH_FILM, cinema:ALL, code:00, time_process:0
2018-07-20 08:18:00, action:GET_TICKET_TYPE, sessioncode:964528, code:00, time_process:0
2018-07-20 08:18:07, action:SEARCH_FILM, cinema:ALL, code:00, time_process:0
2018-07-20 08:18:16, action:CREATE_ORDER, queryId:218050, code:00, time_process:1
2018-07-20 08:18:18, action:SEARCH_FILM, cinema:ALL, code:00, time_process:0
2018-07-20 08:18:19, action:SEARCH_FILM, cinema:ALL, code:00, time_process:0
2018-07-20 08:18:30, action:SEARCH_FILM, cinema:ALL, code:00, time_process:0
2018-07-20 08:18:51, action:CONFIRM_TICKET, queryId:218050, code:00, time_process:1
2018-07-20 08:18:52, action:SEARCH_FILM, cinema:ALL, code:00, time_process:0
2018-07-20 08:19:18, action:SEARCH_FILM, cinema:ALL, code:00, time_process:0
2018-07-20 08:19:20, action:SEARCH_FILM, cinema:49, code:00, time_process:0
2018-07-20 08:20:07, action:SEARCH_FILM, cinema:57, code:00, time_process:0
2018-07-20 08:20:08, action:SEARCH_FILM, cinema:ALL, code:00, time_process:0
2018-07-20 08:20:15, action:SEARCH_FILM, cinema:56, code:00, time_process:0
2018-07-20 08:20:32, action:GET_TICKET_TYPE, sessioncode:964172, code:00, time_process:0
2018-07-20 08:20:40, action:SEARCH_FILM, cinema:ALL, code:00, time_process:0
2018-07-20 08:21:29, action:SEARCH_FILM, cinema:ALL, code:00, time_process:0
2018-07-20 08:21:56, action:SEARCH_FILM, cinema:ALL, code:00, time_process:0
2018-07-20 08:21:58, action:SEARCH_FILM, cinema:ALL, code:00, time_process:0
2018-07-20 08:22:05, action:SEARCH_FILM, cinema:ALL, code:00, time_process:0
2018-07-20 08:22:23, action:SEARCH_FILM, cinema:ALL, code:00, time_process:0
2018-07-20 08:22:28, action:SEARCH_FILM, cinema:ALL, code:00, time_process:0
2018-07-20 08:22:55, action:SEARCH_FILM, cinema:ALL, code:00, time_process:0
2018-07-20 08:23:00, action:SEARCH_FILM, cinema:ALL, code:00, time_process:0
2018-07-20 08:23:10, action:SEARCH_FILM, cinema:ALL, code:00, time_process:0
2018-07-20 08:23:33, action:SEARCH_FILM, cinema:ALL, code:00, time_process:0
2018-07-20 08:23:38, action:SEARCH_FILM, cinema:ALL, code:00, time_process:0
2018-07-20 08:24:03, action:SEARCH_FILM, cinema:ALL, code:00, time_process:0
2018-07-20 08:24:08, action:SEARCH_FILM, cinema:ALL, code:00, time_process:0
2018-07-20 08:24:18, action:SEARCH_FILM, cinema:ALL, code:00, time_process:0
2018-07-20 08:24:28, action:SEARCH_FILM, cinema:ALL, code:00, time_process:0
2018-07-20 08:25:41, action:SEARCH_FILM, cinema:67, code:00, time_process:0
2018-07-20 08:26:02, action:SEARCH_FILM, cinema:ALL, code:00, time_process:0
2018-07-20 08:26:04, action:SEARCH_FILM, cinema:ALL, code:00, time_process:0
2018-07-20 08:26:12, action:SEARCH_FILM, cinema:46, code:00, time_process:0
2018-07-20 08:26:35, action:SEARCH_FILM, cinema:56, code:00, time_process:0
2018-07-20 08:26:57, action:SEARCH_FILM, cinema:ALL, code:00, time_process:0
2018-07-20 08:27:18, action:SEARCH_FILM, cinema:ALL, code:00, time_process:0
2018-07-20 08:27:40, action:SEARCH_FILM, cinema:ALL, code:00, time_process:0
2018-07-20 08:27:43, action:SEARCH_FILM, cinema:54, code:00, time_process:0
2018-07-20 08:28:08, action:SEARCH_FILM, cinema:ALL, code:00, time_process:0
2018-07-20 08:28:11, action:SEARCH_FILM, cinema:ALL, code:00, time_process:0
2018-07-20 08:28:37, action:SEARCH_FILM, cinema:ALL, code:00, time_process:0
2018-07-20 08:29:03, action:SEARCH_FILM, cinema:ALL, code:00, time_process:0
2018-07-20 08:29:03, action:SEARCH_FILM, cinema:ALL, code:00, time_process:0
2018-07-20 08:29:03, action:SEARCH_FILM, cinema:ALL, code:00, time_process:0
2018-07-20 08:29:03, action:SEARCH_FILM, cinema:ALL, code:00, time_process:0
2018-07-20 08:29:07, action:SEARCH_FILM, cinema:58, code:00, time_process:0
2018-07-20 08:29:17, action:SEARCH_FILM, cinema:45, code:00, time_process:0
2018-07-20 08:29:21, action:SEARCH_FILM, cinema:57, code:00, time_process:0
2018-07-20 08:29:24, action:SEARCH_FILM, cinema:58, code:00, time_process:0
2018-07-20 08:29:34, action:SEARCH_FILM, cinema:ALL, code:00, time_process:0
2018-07-20 08:29:34, action:SEARCH_FILM, cinema:ALL, code:00, time_process:0
2018-07-20 08:29:44, action:GET_TICKET_TYPE, sessioncode:963704, code:00, time_process:0
2018-07-20 08:29:55, action:GET_SEAT, queryId:218054, code:00, time_process:2
2018-07-20 08:30:39, action:GET_SEAT, queryId:218055, code:00, time_process:2
2018-07-20 08:31:11, action:SEARCH_FILM, cinema:ALL, code:00, time_process:0
2018-07-20 08:31:22, action:SEARCH_FILM, cinema:ALL, code:00, time_process:0
2018-07-20 08:31:57, action:SEARCH_FILM, cinema:ALL, code:00, time_process:0
2018-07-20 08:32:01, action:SEARCH_FILM, cinema:ALL, code:00, time_process:0
2018-07-20 08:32:24, action:SEARCH_FILM, cinema:58, code:00, time_process:0
2018-07-20 08:32:47, action:SEARCH_FILM, cinema:ALL, code:00, time_process:0
2018-07-20 08:32:51, action:SEARCH_FILM, cinema:57, code:00, time_process:0
2018-07-20 08:33:07, action:SEARCH_FILM, cinema:ALL, code:00, time_process:0
2018-07-20 08:33:18, action:SEARCH_FILM, cinema:56, code:00, time_process:0
2018-07-20 08:33:19, action:SEARCH_FILM, cinema:ALL, code:00, time_process:0
2018-07-20 08:33:43, action:SEARCH_FILM, cinema:ALL, code:00, time_process:0
2018-07-20 08:34:00, action:SEARCH_FILM, cinema:ALL, code:00, time_process:0
2018-07-20 08:34:20, action:SEARCH_FILM, cinema:ALL, code:00, time_process:0
2018-07-20 08:34:25, action:SEARCH_FILM, cinema:ALL, code:00, time_process:0
2018-07-20 08:34:27, action:SEARCH_FILM, cinema:ALL, code:00, time_process:0
2018-07-20 08:34:31, action:SEARCH_FILM, cinema:ALL, code:00, time_process:0
2018-07-20 08:34:37, action:SEARCH_FILM, cinema:ALL, code:00, time_process:0
2018-07-20 08:34:46, action:SEARCH_FILM, cinema:ALL, code:00, time_process:0
2018-07-20 08:34:47, action:SEARCH_FILM, cinema:56, code:00, time_process:0
2018-07-20 08:34:52, action:GET_TICKET_TYPE, sessioncode:964216, code:00, time_process:0
2018-07-20 08:35:11, action:SEARCH_FILM, cinema:ALL, code:00, time_process:0
2018-07-20 08:35:15, action:SEARCH_FILM, cinema:ALL, code:00, time_process:0
2018-07-20 08:35:16, action:SEARCH_FILM, cinema:41, code:00, time_process:0
2018-07-20 08:35:22, action:GET_TICKET_TYPE, sessioncode:964146, code:00, time_process:0
2018-07-20 08:35:26, action:GET_TICKET_TYPE, sessioncode:964216, code:00, time_process:0
2018-07-20 08:35:30, action:GET_TICKET_TYPE, sessioncode:964254, code:00, time_process:0
2018-07-20 08:35:37, action:SEARCH_FILM, cinema:ALL, code:00, time_process:0
2018-07-20 08:35:48, action:SEARCH_FILM, cinema:53, code:00, time_process:0
2018-07-20 08:36:21, action:SEARCH_FILM, cinema:ALL, code:00, time_process:0
2018-07-20 08:36:24, action:GET_TICKET_TYPE, sessioncode:965572, code:00, time_process:0
2018-07-20 08:36:39, action:SEARCH_FILM, cinema:56, code:00, time_process:0
2018-07-20 08:36:43, action:GET_SEAT, queryId:218060, code:00, time_process:1
2018-07-20 08:36:55, action:SEARCH_FILM, cinema:ALL, code:00, time_process:0
2018-07-20 08:37:45, action:SEARCH_FILM, cinema:ALL, code:00, time_process:0
2018-07-20 08:37:59, action:SEARCH_FILM, cinema:50, code:00, time_process:0
2018-07-20 08:37:59, action:SEARCH_FILM, cinema:50, code:00, time_process:0
2018-07-20 08:38:05, action:SEARCH_FILM, cinema:50, code:00, time_process:0
2018-07-20 08:38:06, action:SEARCH_FILM, cinema:ALL, code:00, time_process:0
2018-07-20 08:38:36, action:SEARCH_FILM, cinema:55, code:00, time_process:0
2018-07-20 08:38:36, action:SEARCH_FILM, cinema:ALL, code:00, time_process:0
2018-07-20 08:38:37, action:GET_TICKET_TYPE, sessioncode:961946, code:00, time_process:0
2018-07-20 08:38:44, action:GET_SEAT, queryId:218061, code:00, time_process:2
2018-07-20 08:38:45, action:SEARCH_FILM, cinema:ALL, code:00, time_process:0
2018-07-20 08:38:50, action:SEARCH_FILM, cinema:ALL, code:00, time_process:0
2018-07-20 08:39:03, action:SEARCH_FILM, cinema:ALL, code:00, time_process:0
2018-07-20 08:39:43, action:CREATE_ORDER, queryId:218061, code:00, time_process:0
2018-07-20 08:39:49, action:SEARCH_FILM, cinema:ALL, code:00, time_process:0
2018-07-20 08:39:57, action:GET_TICKET_TYPE, sessioncode:964146, code:00, time_process:0
2018-07-20 08:39:58, action:SEARCH_FILM, cinema:57, code:00, time_process:0
2018-07-20 08:40:01, action:SEARCH_FILM, cinema:ALL, code:00, time_process:0
2018-07-20 08:40:05, action:SEARCH_FILM, cinema:57, code:00, time_process:0
2018-07-20 08:40:12, action:SEARCH_FILM, cinema:49, code:00, time_process:0
2018-07-20 08:40:14, action:SEARCH_FILM, cinema:56, code:00, time_process:0
2018-07-20 08:40:35, action:SEARCH_FILM, cinema:56, code:00, time_process:0
2018-07-20 08:40:39, action:SEARCH_FILM, cinema:66, code:00, time_process:0
2018-07-20 08:40:47, action:SEARCH_FILM, cinema:ALL, code:00, time_process:0
2018-07-20 08:41:06, action:SEARCH_FILM, cinema:43, code:00, time_process:0
2018-07-20 08:41:09, action:SEARCH_FILM, cinema:ALL, code:00, time_process:0
2018-07-20 08:41:26, action:SEARCH_FILM, cinema:ALL, code:00, time_process:0
2018-07-20 08:41:34, action:GET_TICKET_TYPE, sessioncode:963582, code:00, time_process:0
2018-07-20 08:41:35, action:SEARCH_FILM, cinema:ALL, code:00, time_process:0
2018-07-20 08:41:42, action:SEARCH_FILM, cinema:ALL, code:00, time_process:0
2018-07-20 08:41:42, action:SEARCH_FILM, cinema:56, code:00, time_process:0
2018-07-20 08:41:48, action:SEARCH_FILM, cinema:ALL, code:00, time_process:0
2018-07-20 08:42:20, action:GET_TICKET_TYPE, sessioncode:961536, code:00, time_process:0
2018-07-20 08:42:32, action:SEARCH_FILM, cinema:ALL, code:00, time_process:0
2018-07-20 08:42:32, action:SEARCH_FILM, cinema:ALL, code:00, time_process:0
2018-07-20 08:42:37, action:CREATE_ORDER, queryId:218060, code:00, time_process:0
2018-07-20 08:42:46, action:SEARCH_FILM, cinema:ALL, code:00, time_process:0
2018-07-20 08:43:13, action:CONFIRM_TICKET, queryId:218060, code:00, time_process:6
2018-07-20 08:43:23, action:SEARCH_FILM, cinema:ALL, code:00, time_process:0
2018-07-20 08:43:40, action:SEARCH_FILM, cinema:56, code:00, time_process:0
2018-07-20 08:43:49, action:GET_TICKET_TYPE, sessioncode:964216, code:00, time_process:0
2018-07-20 08:44:09, action:GET_SEAT, queryId:218065, code:00, time_process:3
2018-07-20 08:44:12, action:SEARCH_FILM, cinema:ALL, code:00, time_process:0
2018-07-20 08:44:13, action:SEARCH_FILM, cinema:ALL, code:00, time_process:0
2018-07-20 08:44:28, action:SEARCH_FILM, cinema:53, code:00, time_process:0
2018-07-20 08:44:47, action:SEARCH_FILM, cinema:ALL, code:00, time_process:0
2018-07-20 08:45:37, action:SEARCH_FILM, cinema:ALL, code:00, time_process:0
2018-07-20 08:46:00, action:SEARCH_FILM, cinema:41, code:00, time_process:0
2018-07-20 08:46:16, action:SEARCH_FILM, cinema:ALL, code:00, time_process:0
2018-07-20 08:46:22, action:SEARCH_FILM, cinema:ALL, code:00, time_process:0
2018-07-20 08:46:26, action:SEARCH_FILM, cinema:57, code:00, time_process:0
2018-07-20 08:46:52, action:SEARCH_FILM, cinema:ALL, code:00, time_process:0
2018-07-20 08:47:12, action:SEARCH_FILM, cinema:57, code:00, time_process:0
2018-07-20 08:47:23, action:SEARCH_FILM, cinema:ALL, code:00, time_process:0
2018-07-20 08:47:29, action:SEARCH_FILM, cinema:ALL, code:00, time_process:0
2018-07-20 08:47:36, action:SEARCH_FILM, cinema:ALL, code:00, time_process:0
2018-07-20 08:47:42, action:GET_TICKET_TYPE, sessioncode:963308, code:00, time_process:0
2018-07-20 08:47:50, action:SEARCH_FILM, cinema:ALL, code:00, time_process:0
2018-07-20 08:47:55, action:GET_SEAT, queryId:218066, code:00, time_process:2
2018-07-20 08:47:59, action:SEARCH_FILM, cinema:ALL, code:00, time_process:0
2018-07-20 08:48:01, action:SEARCH_FILM, cinema:ALL, code:00, time_process:0
2018-07-20 08:48:05, action:SEARCH_FILM, cinema:ALL, code:00, time_process:0
2018-07-20 08:48:08, action:SEARCH_FILM, cinema:ALL, code:00, time_process:0
2018-07-20 08:48:10, action:GET_TICKET_TYPE, sessioncode:963270, code:00, time_process:0
2018-07-20 08:48:11, action:SEARCH_FILM, cinema:ALL, code:00, time_process:0
2018-07-20 08:48:12, action:SEARCH_FILM, cinema:ALL, code:00, time_process:0
2018-07-20 08:48:17, action:SEARCH_FILM, cinema:ALL, code:00, time_process:0
2018-07-20 08:48:17, action:GET_SEAT, queryId:218067, code:00, time_process:2
2018-07-20 08:48:23, action:SEARCH_FILM, cinema:ALL, code:00, time_process:0
2018-07-20 08:48:36, action:SEARCH_FILM, cinema:ALL, code:00, time_process:0
2018-07-20 08:48:37, action:SEARCH_FILM, cinema:ALL, code:00, time_process:0
2018-07-20 08:48:46, action:SEARCH_FILM, cinema:ALL, code:00, time_process:0
2018-07-20 08:48:46, action:SEARCH_FILM, cinema:ALL, code:00, time_process:0
2018-07-20 08:48:58, action:SEARCH_FILM, cinema:ALL, code:00, time_process:0
2018-07-20 08:49:14, action:SEARCH_FILM, cinema:ALL, code:00, time_process:0
2018-07-20 08:49:48, action:SEARCH_FILM, cinema:56, code:00, time_process:0
2018-07-20 08:49:51, action:SEARCH_FILM, cinema:66, code:00, time_process:0
2018-07-20 08:49:52, action:SEARCH_FILM, cinema:ALL, code:00, time_process:0
2018-07-20 08:49:56, action:SEARCH_FILM, cinema:ALL, code:00, time_process:0
2018-07-20 08:49:58, action:SEARCH_FILM, cinema:ALL, code:00, time_process:0
2018-07-20 08:50:00, action:GET_TICKET_TYPE, sessioncode:961536, code:00, time_process:0
2018-07-20 08:50:05, action:SEARCH_FILM, cinema:ALL, code:00, time_process:0
2018-07-20 08:50:10, action:GET_SEAT, queryId:218068, code:00, time_process:1
2018-07-20 08:50:14, action:SEARCH_FILM, cinema:ALL, code:00, time_process:0
2018-07-20 08:50:35, action:SEARCH_FILM, cinema:ALL, code:00, time_process:0
2018-07-20 08:50:38, action:SEARCH_FILM, cinema:50, code:00, time_process:0
2018-07-20 08:50:52, action:SEARCH_FILM, cinema:ALL, code:00, time_process:0
2018-07-20 08:51:15, action:SEARCH_FILM, cinema:ALL, code:00, time_process:0
2018-07-20 08:51:19, action:GET_TICKET_TYPE, sessioncode:967102, code:00, time_process:0
2018-07-20 08:51:23, action:SEARCH_FILM, cinema:ALL, code:00, time_process:0
2018-07-20 08:51:27, action:SEARCH_FILM, cinema:ALL, code:00, time_process:0
2018-07-20 08:51:29, action:GET_SEAT, queryId:218069, code:00, time_process:2
2018-07-20 08:51:38, action:SEARCH_FILM, cinema:ALL, code:00, time_process:0
2018-07-20 08:52:09, action:SEARCH_FILM, cinema:ALL, code:00, time_process:0
2018-07-20 08:52:16, action:SEARCH_FILM, cinema:ALL, code:00, time_process:0
2018-07-20 08:52:26, action:SEARCH_FILM, cinema:ALL, code:00, time_process:0
2018-07-20 08:52:31, action:SEARCH_FILM, cinema:41, code:00, time_process:0
2018-07-20 08:52:33, action:SEARCH_FILM, cinema:49, code:00, time_process:0
2018-07-20 08:52:35, action:SEARCH_FILM, cinema:ALL, code:00, time_process:0
2018-07-20 08:52:35, action:SEARCH_FILM, cinema:ALL, code:00, time_process:0
2018-07-20 08:52:56, action:SEARCH_FILM, cinema:ALL, code:00, time_process:0
2018-07-20 08:53:12, action:SEARCH_FILM, cinema:ALL, code:00, time_process:0
2018-07-20 08:53:16, action:SEARCH_FILM, cinema:53, code:00, time_process:0
2018-07-20 08:53:17, action:SEARCH_FILM, cinema:66, code:00, time_process:0
2018-07-20 08:53:30, action:SEARCH_FILM, cinema:ALL, code:00, time_process:0
2018-07-20 08:53:30, action:SEARCH_FILM, cinema:51, code:00, time_process:0
2018-07-20 08:53:34, action:SEARCH_FILM, cinema:49, code:00, time_process:0
2018-07-20 08:53:39, action:SEARCH_FILM, cinema:ALL, code:00, time_process:0
2018-07-20 08:53:41, action:SEARCH_FILM, cinema:65, code:00, time_process:0
2018-07-20 08:53:51, action:SEARCH_FILM, cinema:ALL, code:00, time_process:0
2018-07-20 08:53:52, action:SEARCH_FILM, cinema:53, code:00, time_process:0
2018-07-20 08:54:19, action:GET_TICKET_TYPE, sessioncode:963000, code:00, time_process:0
2018-07-20 08:54:21, action:SEARCH_FILM, cinema:ALL, code:00, time_process:0
2018-07-20 08:54:29, action:SEARCH_FILM, cinema:ALL, code:00, time_process:0
2018-07-20 08:54:32, action:SEARCH_FILM, cinema:ALL, code:00, time_process:0
2018-07-20 08:54:47, action:SEARCH_FILM, cinema:ALL, code:00, time_process:0
2018-07-20 08:54:47, action:SEARCH_FILM, cinema:ALL, code:00, time_process:0
2018-07-20 08:55:08, action:SEARCH_FILM, cinema:ALL, code:00, time_process:0
2018-07-20 08:55:43, action:SEARCH_FILM, cinema:ALL, code:00, time_process:0
2018-07-20 08:56:07, action:SEARCH_FILM, cinema:ALL, code:00, time_process:0
2018-07-20 08:56:11, action:SEARCH_FILM, cinema:ALL, code:00, time_process:0
2018-07-20 08:56:15, action:SEARCH_FILM, cinema:ALL, code:00, time_process:0
2018-07-20 08:56:16, action:SEARCH_FILM, cinema:ALL, code:00, time_process:0
2018-07-20 08:56:17, action:SEARCH_FILM, cinema:52, code:00, time_process:0
2018-07-20 08:56:19, action:SEARCH_FILM, cinema:ALL, code:00, time_process:0
2018-07-20 08:56:25, action:SEARCH_FILM, cinema:50, code:00, time_process:0
2018-07-20 08:56:33, action:SEARCH_FILM, cinema:53, code:00, time_process:0
2018-07-20 08:56:34, action:SEARCH_FILM, cinema:ALL, code:00, time_process:0
2018-07-20 08:56:36, action:GET_TICKET_TYPE, sessioncode:964038, code:00, time_process:0
2018-07-20 08:56:49, action:SEARCH_FILM, cinema:ALL, code:00, time_process:0
2018-07-20 08:56:50, action:SEARCH_FILM, cinema:ALL, code:00, time_process:0
2018-07-20 08:56:54, action:SEARCH_FILM, cinema:ALL, code:00, time_process:0
2018-07-20 08:57:07, action:SEARCH_FILM, cinema:ALL, code:00, time_process:0
2018-07-20 08:57:12, action:SEARCH_FILM, cinema:54, code:00, time_process:0
2018-07-20 08:57:33, action:SEARCH_FILM, cinema:ALL, code:00, time_process:0
2018-07-20 08:57:35, action:SEARCH_FILM, cinema:ALL, code:00, time_process:0
2018-07-20 08:57:38, action:SEARCH_FILM, cinema:ALL, code:00, time_process:0
2018-07-20 08:57:39, action:SEARCH_FILM, cinema:ALL, code:00, time_process:0
2018-07-20 08:57:49, action:SEARCH_FILM, cinema:ALL, code:00, time_process:0
2018-07-20 08:57:57, action:SEARCH_FILM, cinema:ALL, code:00, time_process:0
2018-07-20 08:58:22, action:SEARCH_FILM, cinema:ALL, code:00, time_process:0
2018-07-20 08:58:23, action:SEARCH_FILM, cinema:ALL, code:00, time_process:0
2018-07-20 08:58:27, action:SEARCH_FILM, cinema:43, code:00, time_process:0
2018-07-20 08:58:30, action:SEARCH_FILM, cinema:42, code:00, time_process:0
2018-07-20 08:58:51, action:SEARCH_FILM, cinema:ALL, code:00, time_process:0
2018-07-20 08:59:02, action:GET_TICKET_TYPE, sessioncode:968710, code:00, time_process:0
2018-07-20 08:59:06, action:SEARCH_FILM, cinema:58, code:00, time_process:0
2018-07-20 08:59:18, action:SEARCH_FILM, cinema:ALL, code:00, time_process:0
2018-07-20 08:59:46, action:SEARCH_FILM, cinema:ALL, code:00, time_process:0
2018-07-20 08:59:49, action:SEARCH_FILM, cinema:57, code:00, time_process:0
2018-07-20 08:59:55, action:SEARCH_FILM, cinema:ALL, code:00, time_process:0
2018-07-20 09:00:09, action:SEARCH_FILM, cinema:ALL, code:00, time_process:0
2018-07-20 09:00:33, action:SEARCH_FILM, cinema:ALL, code:00, time_process:0
2018-07-20 09:00:35, action:SEARCH_FILM, cinema:ALL, code:00, time_process:0
2018-07-20 09:01:01, action:SEARCH_FILM, cinema:ALL, code:00, time_process:0
2018-07-20 09:02:06, action:SEARCH_FILM, cinema:56, code:00, time_process:0
2018-07-20 09:02:08, action:SEARCH_FILM, cinema:ALL, code:00, time_process:0
2018-07-20 09:02:13, action:SEARCH_FILM, cinema:ALL, code:00, time_process:0
2018-07-20 09:02:36, action:SEARCH_FILM, cinema:ALL, code:00, time_process:0
2018-07-20 09:02:46, action:SEARCH_FILM, cinema:ALL, code:00, time_process:0
2018-07-20 09:02:57, action:SEARCH_FILM, cinema:ALL, code:00, time_process:0
2018-07-20 09:02:58, action:SEARCH_FILM, cinema:61, code:00, time_process:0
2018-07-20 09:03:09, action:GET_TICKET_TYPE, sessioncode:964084, code:00, time_process:0
2018-07-20 09:03:28, action:SEARCH_FILM, cinema:ALL, code:00, time_process:0
2018-07-20 09:03:59, action:SEARCH_FILM, cinema:ALL, code:00, time_process:0
2018-07-20 09:04:04, action:GET_SEAT, queryId:218073, code:00, time_process:2
2018-07-20 09:04:07, action:SEARCH_FILM, cinema:ALL, code:00, time_process:0
2018-07-20 09:04:10, action:SEARCH_FILM, cinema:ALL, code:00, time_process:0
2018-07-20 09:04:14, action:SEARCH_FILM, cinema:54, code:00, time_process:0
2018-07-20 09:04:24, action:SEARCH_FILM, cinema:46, code:00, time_process:0
2018-07-20 09:05:27, action:SEARCH_FILM, cinema:ALL, code:00, time_process:0
2018-07-20 09:05:35, action:SEARCH_FILM, cinema:ALL, code:00, time_process:0
2018-07-20 09:05:39, action:SEARCH_FILM, cinema:60, code:00, time_process:0
2018-07-20 09:05:41, action:SEARCH_FILM, cinema:ALL, code:00, time_process:0
2018-07-20 09:05:49, action:SEARCH_FILM, cinema:ALL, code:00, time_process:0
2018-07-20 09:05:51, action:SEARCH_FILM, cinema:ALL, code:00, time_process:0
2018-07-20 09:05:54, action:GET_TICKET_TYPE, sessioncode:968062, code:00, time_process:0
2018-07-20 09:05:58, action:SEARCH_FILM, cinema:50, code:00, time_process:0
2018-07-20 09:06:01, action:SEARCH_FILM, cinema:54, code:00, time_process:0
2018-07-20 09:06:05, action:GET_SEAT, queryId:218074, code:00, time_process:1
2018-07-20 09:06:06, action:SEARCH_FILM, cinema:56, code:00, time_process:0
2018-07-20 09:06:39, action:SEARCH_FILM, cinema:ALL, code:00, time_process:0
2018-07-20 09:06:46, action:CREATE_ORDER, queryId:218073, code:00, time_process:1
2018-07-20 09:06:51, action:SEARCH_FILM, cinema:ALL, code:00, time_process:0
2018-07-20 09:07:02, action:SEARCH_FILM, cinema:56, code:00, time_process:0
2018-07-20 09:07:07, action:SEARCH_FILM, cinema:ALL, code:00, time_process:0
2018-07-20 09:07:10, action:CONFIRM_TICKET, queryId:218073, code:00, time_process:2
2018-07-20 09:07:12, action:SEARCH_FILM, cinema:ALL, code:00, time_process:0
2018-07-20 09:08:10, action:SEARCH_FILM, cinema:ALL, code:00, time_process:0
2018-07-20 09:08:45, action:SEARCH_FILM, cinema:ALL, code:00, time_process:0
2018-07-20 09:09:11, action:SEARCH_FILM, cinema:56, code:00, time_process:0
2018-07-20 09:09:28, action:SEARCH_FILM, cinema:56, code:00, time_process:0
2018-07-20 09:09:35, action:SEARCH_FILM, cinema:ALL, code:00, time_process:0
2018-07-20 09:09:37, action:SEARCH_FILM, cinema:ALL, code:00, time_process:0
2018-07-20 09:09:38, action:SEARCH_FILM, cinema:ALL, code:00, time_process:0
2018-07-20 09:09:39, action:SEARCH_FILM, cinema:ALL, code:00, time_process:0
2018-07-20 09:10:29, action:SEARCH_FILM, cinema:ALL, code:00, time_process:0
2018-07-20 09:10:39, action:SEARCH_FILM, cinema:ALL, code:00, time_process:0
2018-07-20 09:10:48, action:SEARCH_FILM, cinema:57, code:00, time_process:0
2018-07-20 09:10:54, action:SEARCH_FILM, cinema:57, code:00, time_process:0
2018-07-20 09:10:56, action:SEARCH_FILM, cinema:ALL, code:00, time_process:0
2018-07-20 09:11:10, action:SEARCH_FILM, cinema:56, code:00, time_process:0
2018-07-20 09:11:29, action:GET_TICKET_TYPE, sessioncode:967784, code:00, time_process:0
2018-07-20 09:11:55, action:SEARCH_FILM, cinema:ALL, code:00, time_process:0
2018-07-20 09:11:58, action:SEARCH_FILM, cinema:ALL, code:00, time_process:0
2018-07-20 09:12:04, action:SEARCH_FILM, cinema:67, code:00, time_process:0
2018-07-20 09:12:05, action:SEARCH_FILM, cinema:ALL, code:00, time_process:0
2018-07-20 09:12:28, action:GET_SEAT, queryId:218075, code:00, time_process:3
2018-07-20 09:12:41, action:SEARCH_FILM, cinema:ALL, code:00, time_process:0
2018-07-20 09:13:00, action:SEARCH_FILM, cinema:ALL, code:00, time_process:0
2018-07-20 09:13:26, action:GET_TICKET_TYPE, sessioncode:968060, code:00, time_process:0
2018-07-20 09:13:29, action:SEARCH_FILM, cinema:ALL, code:00, time_process:0
2018-07-20 09:13:36, action:SEARCH_FILM, cinema:ALL, code:00, time_process:0
2018-07-20 09:13:45, action:GET_TICKET_TYPE, sessioncode:964062, code:00, time_process:0
2018-07-20 09:13:59, action:SEARCH_FILM, cinema:ALL, code:00, time_process:0
2018-07-20 09:14:03, action:SEARCH_FILM, cinema:ALL, code:00, time_process:0
2018-07-20 09:14:15, action:GET_TICKET_TYPE, sessioncode:964514, code:00, time_process:5
2018-07-20 09:14:22, action:SEARCH_FILM, cinema:ALL, code:00, time_process:0
2018-07-20 09:14:24, action:SEARCH_FILM, cinema:43, code:00, time_process:0
2018-07-20 09:14:24, action:SEARCH_FILM, cinema:45, code:00, time_process:0
2018-07-20 09:14:48, action:SEARCH_FILM, cinema:56, code:00, time_process:0
2018-07-20 09:14:57, action:SEARCH_FILM, cinema:ALL, code:00, time_process:0
2018-07-20 09:15:19, action:SEARCH_FILM, cinema:ALL, code:00, time_process:0
2018-07-20 09:15:29, action:SEARCH_FILM, cinema:66, code:00, time_process:0
2018-07-20 09:15:36, action:SEARCH_FILM, cinema:ALL, code:00, time_process:0
2018-07-20 09:15:39, action:SEARCH_FILM, cinema:ALL, code:00, time_process:0
2018-07-20 09:15:43, action:GET_TICKET_TYPE, sessioncode:961554, code:00, time_process:0
2018-07-20 09:15:44, action:SEARCH_FILM, cinema:56, code:00, time_process:0
2018-07-20 09:15:49, action:SEARCH_FILM, cinema:48, code:00, time_process:0
2018-07-20 09:15:54, action:GET_TICKET_TYPE, sessioncode:964062, code:00, time_process:0
2018-07-20 09:15:54, action:SEARCH_FILM, cinema:ALL, code:00, time_process:0
2018-07-20 09:15:59, action:SEARCH_FILM, cinema:47, code:00, time_process:0
2018-07-20 09:16:05, action:GET_TICKET_TYPE, sessioncode:967154, code:00, time_process:0
2018-07-20 09:16:08, action:SEARCH_FILM, cinema:43, code:00, time_process:0
2018-07-20 09:16:18, action:GET_SEAT, queryId:218080, code:00, time_process:3
2018-07-20 09:16:24, action:SEARCH_FILM, cinema:ALL, code:00, time_process:0
2018-07-20 09:16:40, action:SEARCH_FILM, cinema:ALL, code:00, time_process:0
2018-07-20 09:17:22, action:SEARCH_FILM, cinema:ALL, code:00, time_process:0
2018-07-20 09:17:27, action:SEARCH_FILM, cinema:56, code:00, time_process:0
2018-07-20 09:17:29, action:SEARCH_FILM, cinema:ALL, code:00, time_process:0
2018-07-20 09:17:32, action:GET_TICKET_TYPE, sessioncode:963716, code:00, time_process:0
2018-07-20 09:17:32, action:GET_TICKET_TYPE, sessioncode:964034, code:00, time_process:0
2018-07-20 09:17:49, action:GET_TICKET_TYPE, sessioncode:964084, code:00, time_process:0
2018-07-20 09:17:58, action:SEARCH_FILM, cinema:59, code:00, time_process:0
2018-07-20 09:18:04, action:GET_SEAT, queryId:218084, code:00, time_process:3
2018-07-20 09:18:22, action:SEARCH_FILM, cinema:ALL, code:00, time_process:0
2018-07-20 09:18:50, action:SEARCH_FILM, cinema:ALL, code:00, time_process:0
2018-07-20 09:19:05, action:SEARCH_FILM, cinema:49, code:00, time_process:0
2018-07-20 09:19:30, action:SEARCH_FILM, cinema:ALL, code:00, time_process:0
2018-07-20 09:19:44, action:SEARCH_FILM, cinema:57, code:00, time_process:0
2018-07-20 09:20:24, action:SEARCH_FILM, cinema:ALL, code:00, time_process:0
2018-07-20 09:20:57, action:GET_TICKET_TYPE, sessioncode:963476, code:00, time_process:0
2018-07-20 09:21:23, action:SEARCH_FILM, cinema:ALL, code:00, time_process:0
2018-07-20 09:21:37, action:SEARCH_FILM, cinema:ALL, code:00, time_process:0
2018-07-20 09:21:46, action:SEARCH_FILM, cinema:ALL, code:00, time_process:0
2018-07-20 09:21:50, action:SEARCH_FILM, cinema:65, code:00, time_process:0
2018-07-20 09:22:38, action:SEARCH_FILM, cinema:ALL, code:00, time_process:0
2018-07-20 09:22:49, action:SEARCH_FILM, cinema:ALL, code:00, time_process:0
2018-07-20 09:22:55, action:SEARCH_FILM, cinema:ALL, code:00, time_process:0
2018-07-20 09:23:05, action:SEARCH_FILM, cinema:44, code:00, time_process:0
2018-07-20 09:23:16, action:SEARCH_FILM, cinema:ALL, code:00, time_process:0
2018-07-20 09:23:20, action:SEARCH_FILM, cinema:ALL, code:00, time_process:0
2018-07-20 09:23:25, action:SEARCH_FILM, cinema:ALL, code:00, time_process:0
2018-07-20 09:23:29, action:SEARCH_FILM, cinema:63, code:00, time_process:0
2018-07-20 09:24:00, action:SEARCH_FILM, cinema:49, code:00, time_process:0
2018-07-20 09:24:05, action:SEARCH_FILM, cinema:ALL, code:00, time_process:0
2018-07-20 09:24:08, action:SEARCH_FILM, cinema:44, code:00, time_process:0
2018-07-20 09:24:22, action:SEARCH_FILM, cinema:48, code:00, time_process:0
2018-07-20 09:24:36, action:SEARCH_FILM, cinema:ALL, code:00, time_process:0
2018-07-20 09:24:52, action:SEARCH_FILM, cinema:ALL, code:00, time_process:0
2018-07-20 09:24:52, action:SEARCH_FILM, cinema:ALL, code:00, time_process:0
2018-07-20 09:25:35, action:SEARCH_FILM, cinema:ALL, code:00, time_process:0
2018-07-20 09:25:46, action:SEARCH_FILM, cinema:ALL, code:00, time_process:0
2018-07-20 09:25:50, action:SEARCH_FILM, cinema:ALL, code:00, time_process:0
2018-07-20 09:25:58, action:SEARCH_FILM, cinema:ALL, code:00, time_process:0
2018-07-20 09:25:58, action:SEARCH_FILM, cinema:ALL, code:00, time_process:0
2018-07-20 09:26:01, action:SEARCH_FILM, cinema:ALL, code:00, time_process:0
2018-07-20 09:26:07, action:SEARCH_FILM, cinema:43, code:00, time_process:0
2018-07-20 09:26:10, action:SEARCH_FILM, cinema:ALL, code:00, time_process:0
2018-07-20 09:26:17, action:SEARCH_FILM, cinema:44, code:00, time_process:0
2018-07-20 09:26:26, action:SEARCH_FILM, cinema:ALL, code:00, time_process:0
2018-07-20 09:26:34, action:SEARCH_FILM, cinema:ALL, code:00, time_process:0
2018-07-20 09:26:41, action:SEARCH_FILM, cinema:44, code:00, time_process:0
2018-07-20 09:26:45, action:SEARCH_FILM, cinema:ALL, code:00, time_process:0
2018-07-20 09:26:49, action:SEARCH_FILM, cinema:49, code:00, time_process:0
2018-07-20 09:26:49, action:SEARCH_FILM, cinema:ALL, code:00, time_process:0
2018-07-20 09:26:52, action:GET_TICKET_TYPE, sessioncode:964214, code:00, time_process:0
2018-07-20 09:27:01, action:SEARCH_FILM, cinema:53, code:00, time_process:0
2018-07-20 09:27:09, action:SEARCH_FILM, cinema:55, code:00, time_process:0
2018-07-20 09:27:10, action:GET_SEAT, queryId:218086, code:00, time_process:2
2018-07-20 09:27:23, action:SEARCH_FILM, cinema:ALL, code:00, time_process:0
2018-07-20 09:27:24, action:SEARCH_FILM, cinema:ALL, code:00, time_process:0
2018-07-20 09:27:29, action:SEARCH_FILM, cinema:43, code:00, time_process:0
2018-07-20 09:27:42, action:SEARCH_FILM, cinema:49, code:00, time_process:0
2018-07-20 09:27:50, action:SEARCH_FILM, cinema:49, code:00, time_process:0
2018-07-20 09:27:57, action:GET_TICKET_TYPE, sessioncode:962592, code:00, time_process:0
2018-07-20 09:28:18, action:SEARCH_FILM, cinema:53, code:00, time_process:0
2018-07-20 09:28:23, action:CREATE_ORDER, queryId:218086, code:00, time_process:0
2018-07-20 09:28:29, action:SEARCH_FILM, cinema:ALL, code:00, time_process:0
2018-07-20 09:28:34, action:SEARCH_FILM, cinema:ALL, code:00, time_process:0
2018-07-20 09:28:36, action:SEARCH_FILM, cinema:41, code:00, time_process:0
2018-07-20 09:28:37, action:SEARCH_FILM, cinema:ALL, code:00, time_process:0
2018-07-20 09:28:46, action:SEARCH_FILM, cinema:ALL, code:00, time_process:0
2018-07-20 09:28:47, action:GET_SEAT, queryId:218088, code:00, time_process:0
2018-07-20 09:28:54, action:GET_SEAT, queryId:218089, code:00, time_process:0
2018-07-20 09:28:55, action:SEARCH_FILM, cinema:ALL, code:00, time_process:0
2018-07-20 09:28:59, action:SEARCH_FILM, cinema:ALL, code:00, time_process:0
2018-07-20 09:29:00, action:SEARCH_FILM, cinema:ALL, code:00, time_process:0
2018-07-20 09:29:02, action:CONFIRM_TICKET, queryId:218086, code:00, time_process:1
2018-07-20 09:29:05, action:SEARCH_FILM, cinema:55, code:00, time_process:0
2018-07-20 09:29:10, action:GET_TICKET_TYPE, sessioncode:966996, code:00, time_process:0
2018-07-20 09:29:14, action:SEARCH_FILM, cinema:53, code:00, time_process:0
2018-07-20 09:29:17, action:SEARCH_FILM, cinema:ALL, code:00, time_process:0
2018-07-20 09:29:21, action:GET_TICKET_TYPE, sessioncode:966986, code:00, time_process:0
2018-07-20 09:29:22, action:SEARCH_FILM, cinema:ALL, code:00, time_process:0
2018-07-20 09:29:22, action:SEARCH_FILM, cinema:ALL, code:00, time_process:0
2018-07-20 09:29:31, action:SEARCH_FILM, cinema:64, code:00, time_process:0
2018-07-20 09:29:36, action:SEARCH_FILM, cinema:ALL, code:00, time_process:0
2018-07-20 09:29:37, action:GET_TICKET_TYPE, sessioncode:971754, code:00, time_process:0
2018-07-20 09:29:42, action:GET_TICKET_TYPE, sessioncode:971714, code:00, time_process:0
2018-07-20 09:29:46, action:SEARCH_FILM, cinema:55, code:00, time_process:0
2018-07-20 09:29:52, action:SEARCH_FILM, cinema:43, code:00, time_process:0
2018-07-20 09:29:55, action:SEARCH_FILM, cinema:49, code:00, time_process:0
2018-07-20 09:30:00, action:GET_TICKET_TYPE, sessioncode:963706, code:00, time_process:0
2018-07-20 09:30:03, action:SEARCH_FILM, cinema:ALL, code:00, time_process:0
2018-07-20 09:30:05, action:SEARCH_FILM, cinema:47, code:00, time_process:0
2018-07-20 09:30:25, action:GET_TICKET_TYPE, sessioncode:964530, code:00, time_process:0
2018-07-20 09:30:30, action:GET_TICKET_TYPE, sessioncode:964532, code:00, time_process:0
2018-07-20 09:30:32, action:SEARCH_FILM, cinema:ALL, code:00, time_process:0
2018-07-20 09:30:38, action:SEARCH_FILM, cinema:ALL, code:00, time_process:0
2018-07-20 09:30:41, action:GET_TICKET_TYPE, sessioncode:964532, code:00, time_process:5
2018-07-20 09:30:56, action:SEARCH_FILM, cinema:56, code:00, time_process:0
2018-07-20 09:31:02, action:SEARCH_FILM, cinema:ALL, code:00, time_process:0
2018-07-20 09:31:04, action:SEARCH_FILM, cinema:ALL, code:00, time_process:0
2018-07-20 09:31:23, action:SEARCH_FILM, cinema:65, code:00, time_process:0
2018-07-20 09:31:32, action:SEARCH_FILM, cinema:ALL, code:00, time_process:0
2018-07-20 09:32:13, action:SEARCH_FILM, cinema:ALL, code:00, time_process:0
2018-07-20 09:32:19, action:SEARCH_FILM, cinema:ALL, code:00, time_process:0
2018-07-20 09:32:26, action:SEARCH_FILM, cinema:57, code:00, time_process:0
2018-07-20 09:32:30, action:SEARCH_FILM, cinema:ALL, code:00, time_process:0
2018-07-20 09:32:39, action:SEARCH_FILM, cinema:55, code:00, time_process:0
2018-07-20 09:33:07, action:SEARCH_FILM, cinema:ALL, code:00, time_process:0
2018-07-20 09:33:13, action:SEARCH_FILM, cinema:ALL, code:00, time_process:0
2018-07-20 09:33:20, action:SEARCH_FILM, cinema:58, code:00, time_process:0
2018-07-20 09:33:39, action:SEARCH_FILM, cinema:ALL, code:00, time_process:0
2018-07-20 09:33:40, action:SEARCH_FILM, cinema:ALL, code:00, time_process:0
2018-07-20 09:33:46, action:SEARCH_FILM, cinema:ALL, code:00, time_process:0
2018-07-20 09:33:47, action:SEARCH_FILM, cinema:ALL, code:00, time_process:0
2018-07-20 09:34:03, action:GET_TICKET_TYPE, sessioncode:963664, code:00, time_process:0
2018-07-20 09:34:10, action:SEARCH_FILM, cinema:ALL, code:00, time_process:0
2018-07-20 09:34:15, action:SEARCH_FILM, cinema:57, code:00, time_process:0
2018-07-20 09:34:32, action:SEARCH_FILM, cinema:ALL, code:00, time_process:0
2018-07-20 09:34:34, action:SEARCH_FILM, cinema:ALL, code:00, time_process:0
2018-07-20 09:35:43, action:SEARCH_FILM, cinema:57, code:00, time_process:0
2018-07-20 09:35:50, action:SEARCH_FILM, cinema:ALL, code:00, time_process:0
2018-07-20 09:36:13, action:SEARCH_FILM, cinema:ALL, code:00, time_process:0
2018-07-20 09:36:13, action:SEARCH_FILM, cinema:ALL, code:00, time_process:0
2018-07-20 09:37:50, action:SEARCH_FILM, cinema:ALL, code:00, time_process:0
2018-07-20 09:38:27, action:SEARCH_FILM, cinema:ALL, code:00, time_process:0
2018-07-20 09:38:33, action:SEARCH_FILM, cinema:ALL, code:00, time_process:0
2018-07-20 09:39:04, action:SEARCH_FILM, cinema:ALL, code:00, time_process:0
2018-07-20 09:39:09, action:GET_TICKET_TYPE, sessioncode:967180, code:00, time_process:0
2018-07-20 09:39:16, action:GET_SEAT, queryId:218099, code:00, time_process:1
2018-07-20 09:39:18, action:SEARCH_FILM, cinema:ALL, code:00, time_process:0
2018-07-20 09:39:29, action:SEARCH_FILM, cinema:ALL, code:00, time_process:0
2018-07-20 09:39:30, action:SEARCH_FILM, cinema:ALL, code:00, time_process:0
2018-07-20 09:39:41, action:GET_TICKET_TYPE, sessioncode:964232, code:00, time_process:0
2018-07-20 09:39:46, action:SEARCH_FILM, cinema:ALL, code:00, time_process:0
2018-07-20 09:39:52, action:GET_SEAT, queryId:218100, code:00, time_process:1
2018-07-20 09:39:54, action:SEARCH_FILM, cinema:53, code:00, time_process:0
2018-07-20 09:40:13, action:SEARCH_FILM, cinema:55, code:00, time_process:0
2018-07-20 09:40:28, action:SEARCH_FILM, cinema:54, code:00, time_process:0
2018-07-20 09:40:39, action:SEARCH_FILM, cinema:ALL, code:00, time_process:0
2018-07-20 09:40:42, action:SEARCH_FILM, cinema:45, code:00, time_process:0
2018-07-20 09:40:48, action:SEARCH_FILM, cinema:45, code:00, time_process:0
2018-07-20 09:40:49, action:SEARCH_FILM, cinema:45, code:00, time_process:0
2018-07-20 09:41:04, action:SEARCH_FILM, cinema:56, code:00, time_process:0
2018-07-20 09:41:19, action:GET_TICKET_TYPE, sessioncode:964146, code:00, time_process:0
2018-07-20 09:41:47, action:SEARCH_FILM, cinema:ALL, code:00, time_process:0
2018-07-20 09:42:43, action:SEARCH_FILM, cinema:ALL, code:00, time_process:0
2018-07-20 09:42:45, action:SEARCH_FILM, cinema:ALL, code:00, time_process:0
2018-07-20 09:42:53, action:SEARCH_FILM, cinema:53, code:00, time_process:0
2018-07-20 09:42:54, action:SEARCH_FILM, cinema:63, code:00, time_process:0
2018-07-20 09:42:54, action:SEARCH_FILM, cinema:ALL, code:00, time_process:0
2018-07-20 09:42:57, action:SEARCH_FILM, cinema:49, code:00, time_process:0
2018-07-20 09:42:57, action:SEARCH_FILM, cinema:49, code:00, time_process:0
2018-07-20 09:43:00, action:SEARCH_FILM, cinema:ALL, code:00, time_process:0
2018-07-20 09:43:03, action:GET_TICKET_TYPE, sessioncode:960526, code:00, time_process:0
2018-07-20 09:43:08, action:GET_SEAT, queryId:218102, code:00, time_process:1
2018-07-20 09:43:26, action:SEARCH_FILM, cinema:ALL, code:00, time_process:0
2018-07-20 09:43:36, action:SEARCH_FILM, cinema:49, code:00, time_process:0
2018-07-20 09:43:36, action:SEARCH_FILM, cinema:ALL, code:00, time_process:0
2018-07-20 09:43:51, action:GET_TICKET_TYPE, sessioncode:960526, code:00, time_process:0
2018-07-20 09:44:02, action:GET_SEAT, queryId:218103, code:00, time_process:1
2018-07-20 09:44:19, action:SEARCH_FILM, cinema:ALL, code:00, time_process:0
2018-07-20 09:44:25, action:GET_TICKET_TYPE, sessioncode:960526, code:00, time_process:0
2018-07-20 09:44:31, action:GET_SEAT, queryId:218104, code:00, time_process:1
2018-07-20 09:44:46, action:SEARCH_FILM, cinema:ALL, code:00, time_process:0
2018-07-20 09:44:57, action:SEARCH_FILM, cinema:ALL, code:00, time_process:0
2018-07-20 09:45:41, action:SEARCH_FILM, cinema:ALL, code:00, time_process:0
2018-07-20 09:45:42, action:SEARCH_FILM, cinema:57, code:00, time_process:0
2018-07-20 09:45:43, action:SEARCH_FILM, cinema:ALL, code:00, time_process:0
2018-07-20 09:45:46, action:SEARCH_FILM, cinema:ALL, code:00, time_process:0
2018-07-20 09:45:53, action:SEARCH_FILM, cinema:ALL, code:00, time_process:0
2018-07-20 09:46:02, action:SEARCH_FILM, cinema:56, code:00, time_process:0
2018-07-20 09:46:13, action:SEARCH_FILM, cinema:56, code:00, time_process:0
2018-07-20 09:46:28, action:SEARCH_FILM, cinema:ALL, code:00, time_process:0
2018-07-20 09:46:36, action:SEARCH_FILM, cinema:ALL, code:00, time_process:0
2018-07-20 09:46:36, action:SEARCH_FILM, cinema:ALL, code:00, time_process:0
2018-07-20 09:46:42, action:SEARCH_FILM, cinema:49, code:00, time_process:0
2018-07-20 09:47:17, action:SEARCH_FILM, cinema:49, code:00, time_process:0
2018-07-20 09:47:50, action:SEARCH_FILM, cinema:ALL, code:00, time_process:0
2018-07-20 09:47:52, action:SEARCH_FILM, cinema:ALL, code:00, time_process:0
2018-07-20 09:47:56, action:SEARCH_FILM, cinema:ALL, code:00, time_process:0
2018-07-20 09:48:27, action:SEARCH_FILM, cinema:ALL, code:00, time_process:0
2018-07-20 09:48:48, action:SEARCH_FILM, cinema:42, code:00, time_process:0
2018-07-20 09:49:13, action:SEARCH_FILM, cinema:ALL, code:00, time_process:0
2018-07-20 09:49:17, action:SEARCH_FILM, cinema:49, code:00, time_process:0
2018-07-20 09:49:18, action:SEARCH_FILM, cinema:50, code:00, time_process:0
2018-07-20 09:49:21, action:SEARCH_FILM, cinema:ALL, code:00, time_process:0
2018-07-20 09:49:26, action:SEARCH_FILM, cinema:ALL, code:00, time_process:0
2018-07-20 09:49:35, action:GET_TICKET_TYPE, sessioncode:964184, code:00, time_process:0
2018-07-20 09:49:40, action:SEARCH_FILM, cinema:51, code:00, time_process:0
2018-07-20 09:49:52, action:SEARCH_FILM, cinema:64, code:00, time_process:0
2018-07-20 09:50:05, action:SEARCH_FILM, cinema:ALL, code:00, time_process:0
2018-07-20 09:50:10, action:SEARCH_FILM, cinema:ALL, code:00, time_process:0
2018-07-20 09:50:25, action:SEARCH_FILM, cinema:ALL, code:00, time_process:0
2018-07-20 09:50:38, action:SEARCH_FILM, cinema:ALL, code:00, time_process:0
2018-07-20 09:50:46, action:SEARCH_FILM, cinema:ALL, code:00, time_process:0
2018-07-20 09:50:49, action:SEARCH_FILM, cinema:ALL, code:00, time_process:0
2018-07-20 09:51:02, action:SEARCH_FILM, cinema:65, code:00, time_process:0
2018-07-20 09:51:19, action:SEARCH_FILM, cinema:67, code:00, time_process:0
2018-07-20 09:51:42, action:SEARCH_FILM, cinema:56, code:00, time_process:0
2018-07-20 09:51:45, action:SEARCH_FILM, cinema:ALL, code:00, time_process:0
2018-07-20 09:51:49, action:SEARCH_FILM, cinema:59, code:00, time_process:0
2018-07-20 09:51:52, action:GET_TICKET_TYPE, sessioncode:964066, code:00, time_process:0
2018-07-20 09:52:01, action:SEARCH_FILM, cinema:ALL, code:00, time_process:0
2018-07-20 09:52:20, action:SEARCH_FILM, cinema:ALL, code:00, time_process:0
2018-07-20 09:53:20, action:SEARCH_FILM, cinema:60, code:00, time_process:0
2018-07-20 09:53:21, action:SEARCH_FILM, cinema:ALL, code:00, time_process:0
2018-07-20 09:53:23, action:SEARCH_FILM, cinema:ALL, code:00, time_process:0
2018-07-20 09:54:25, action:SEARCH_FILM, cinema:49, code:00, time_process:0
2018-07-20 09:54:31, action:GET_TICKET_TYPE, sessioncode:960432, code:00, time_process:0
2018-07-20 09:54:44, action:SEARCH_FILM, cinema:43, code:00, time_process:0
2018-07-20 09:55:07, action:SEARCH_FILM, cinema:ALL, code:00, time_process:0
2018-07-20 09:55:20, action:SEARCH_FILM, cinema:ALL, code:00, time_process:0
2018-07-20 09:55:36, action:SEARCH_FILM, cinema:ALL, code:00, time_process:0
2018-07-20 09:56:10, action:SEARCH_FILM, cinema:ALL, code:00, time_process:0
2018-07-20 09:56:47, action:SEARCH_FILM, cinema:ALL, code:00, time_process:0
2018-07-20 09:57:18, action:SEARCH_FILM, cinema:ALL, code:00, time_process:0
2018-07-20 09:57:25, action:SEARCH_FILM, cinema:ALL, code:00, time_process:0
2018-07-20 09:57:28, action:SEARCH_FILM, cinema:ALL, code:00, time_process:0
2018-07-20 09:57:47, action:SEARCH_FILM, cinema:ALL, code:00, time_process:0
2018-07-20 09:58:20, action:SEARCH_FILM, cinema:46, code:00, time_process:0
2018-07-20 09:58:25, action:SEARCH_FILM, cinema:ALL, code:00, time_process:0
2018-07-20 09:58:38, action:SEARCH_FILM, cinema:ALL, code:00, time_process:0
2018-07-20 09:58:39, action:SEARCH_FILM, cinema:66, code:00, time_process:0
2018-07-20 09:58:45, action:SEARCH_FILM, cinema:ALL, code:00, time_process:0
2018-07-20 09:58:53, action:SEARCH_FILM, cinema:ALL, code:00, time_process:0
2018-07-20 09:58:56, action:SEARCH_FILM, cinema:ALL, code:00, time_process:0
2018-07-20 09:59:05, action:SEARCH_FILM, cinema:ALL, code:00, time_process:0
2018-07-20 09:59:06, action:SEARCH_FILM, cinema:47, code:00, time_process:0
2018-07-20 09:59:09, action:SEARCH_FILM, cinema:ALL, code:00, time_process:0
2018-07-20 09:59:21, action:SEARCH_FILM, cinema:44, code:00, time_process:0
2018-07-20 09:59:28, action:SEARCH_FILM, cinema:ALL, code:00, time_process:0
2018-07-20 10:00:13, action:SEARCH_FILM, cinema:65, code:00, time_process:0
2018-07-20 10:00:30, action:SEARCH_FILM, cinema:ALL, code:00, time_process:0
2018-07-20 10:01:03, action:SEARCH_FILM, cinema:ALL, code:00, time_process:0
2018-07-20 10:01:28, action:SEARCH_FILM, cinema:57, code:00, time_process:0
2018-07-20 10:01:34, action:SEARCH_FILM, cinema:ALL, code:00, time_process:0
2018-07-20 10:01:37, action:GET_TICKET_TYPE, sessioncode:963304, code:00, time_process:0
2018-07-20 10:01:40, action:SEARCH_FILM, cinema:ALL, code:00, time_process:0
2018-07-20 10:01:43, action:SEARCH_FILM, cinema:63, code:00, time_process:0
2018-07-20 10:01:52, action:SEARCH_FILM, cinema:ALL, code:00, time_process:0
2018-07-20 10:01:54, action:SEARCH_FILM, cinema:ALL, code:00, time_process:0
2018-07-20 10:02:08, action:SEARCH_FILM, cinema:56, code:00, time_process:0
2018-07-20 10:02:13, action:SEARCH_FILM, cinema:ALL, code:00, time_process:0
2018-07-20 10:02:19, action:SEARCH_FILM, cinema:57, code:00, time_process:0
2018-07-20 10:03:59, action:SEARCH_FILM, cinema:ALL, code:00, time_process:0
2018-07-20 10:04:29, action:SEARCH_FILM, cinema:ALL, code:00, time_process:0
2018-07-20 10:04:44, action:SEARCH_FILM, cinema:58, code:00, time_process:0
2018-07-20 10:04:49, action:SEARCH_FILM, cinema:ALL, code:00, time_process:0
2018-07-20 10:04:55, action:SEARCH_FILM, cinema:57, code:00, time_process:0
2018-07-20 10:05:03, action:GET_TICKET_TYPE, sessioncode:963700, code:00, time_process:0
2018-07-20 10:05:15, action:SEARCH_FILM, cinema:ALL, code:00, time_process:0
2018-07-20 10:05:21, action:GET_TICKET_TYPE, sessioncode:963704, code:00, time_process:0
2018-07-20 10:05:24, action:SEARCH_FILM, cinema:57, code:00, time_process:0
2018-07-20 10:05:38, action:SEARCH_FILM, cinema:ALL, code:00, time_process:0
2018-07-20 10:05:39, action:GET_TICKET_TYPE, sessioncode:963686, code:00, time_process:0
2018-07-20 10:05:48, action:GET_SEAT, queryId:218111, code:00, time_process:1
2018-07-20 10:05:50, action:SEARCH_FILM, cinema:ALL, code:00, time_process:0
2018-07-20 10:05:55, action:SEARCH_FILM, cinema:57, code:00, time_process:0
2018-07-20 10:05:57, action:SEARCH_FILM, cinema:ALL, code:00, time_process:0
2018-07-20 10:05:58, action:SEARCH_FILM, cinema:ALL, code:00, time_process:0
2018-07-20 10:06:07, action:SEARCH_FILM, cinema:56, code:00, time_process:0
2018-07-20 10:06:09, action:SEARCH_FILM, cinema:ALL, code:00, time_process:0
2018-07-20 10:06:10, action:SEARCH_FILM, cinema:ALL, code:00, time_process:0
2018-07-20 10:06:12, action:SEARCH_FILM, cinema:48, code:00, time_process:0
2018-07-20 10:06:23, action:SEARCH_FILM, cinema:ALL, code:00, time_process:0
2018-07-20 10:06:25, action:SEARCH_FILM, cinema:41, code:00, time_process:0
2018-07-20 10:06:28, action:SEARCH_FILM, cinema:ALL, code:00, time_process:0
2018-07-20 10:06:29, action:GET_TICKET_TYPE, sessioncode:964194, code:00, time_process:0
2018-07-20 10:06:31, action:SEARCH_FILM, cinema:60, code:00, time_process:0
2018-07-20 10:06:48, action:SEARCH_FILM, cinema:56, code:00, time_process:0
2018-07-20 10:07:16, action:SEARCH_FILM, cinema:ALL, code:00, time_process:0
2018-07-20 10:07:16, action:SEARCH_FILM, cinema:ALL, code:00, time_process:0
2018-07-20 10:07:29, action:SEARCH_FILM, cinema:ALL, code:00, time_process:0
2018-07-20 10:07:51, action:SEARCH_FILM, cinema:ALL, code:00, time_process:0
2018-07-20 10:08:01, action:GET_SEAT, queryId:218113, code:01, time_process:0
2018-07-20 10:08:03, action:GET_SEAT, queryId:218114, code:01, time_process:0
2018-07-20 10:08:06, action:GET_SEAT, queryId:218115, code:01, time_process:0
2018-07-20 10:08:06, action:SEARCH_FILM, cinema:49, code:00, time_process:0
2018-07-20 10:08:43, action:SEARCH_FILM, cinema:54, code:00, time_process:0
2018-07-20 10:08:51, action:SEARCH_FILM, cinema:56, code:00, time_process:0
2018-07-20 10:08:57, action:SEARCH_FILM, cinema:58, code:00, time_process:0
2018-07-20 10:08:59, action:SEARCH_FILM, cinema:ALL, code:00, time_process:0
2018-07-20 10:09:11, action:GET_TICKET_TYPE, sessioncode:963712, code:00, time_process:0
2018-07-20 10:09:16, action:SEARCH_FILM, cinema:58, code:00, time_process:0
2018-07-20 10:09:17, action:SEARCH_FILM, cinema:60, code:00, time_process:0
2018-07-20 10:09:19, action:GET_TICKET_TYPE, sessioncode:964178, code:00, time_process:0
2018-07-20 10:09:20, action:SEARCH_FILM, cinema:50, code:00, time_process:0
2018-07-20 10:09:23, action:SEARCH_FILM, cinema:ALL, code:00, time_process:0
2018-07-20 10:09:25, action:GET_TICKET_TYPE, sessioncode:964124, code:00, time_process:0
2018-07-20 10:09:29, action:GET_SEAT, queryId:218117, code:00, time_process:3
2018-07-20 10:09:31, action:GET_SEAT, queryId:218118, code:00, time_process:2
2018-07-20 10:09:42, action:SEARCH_FILM, cinema:ALL, code:00, time_process:0
2018-07-20 10:09:45, action:SEARCH_FILM, cinema:ALL, code:00, time_process:0
2018-07-20 10:09:50, action:SEARCH_FILM, cinema:49, code:00, time_process:0
2018-07-20 10:09:54, action:GET_TICKET_TYPE, sessioncode:960432, code:00, time_process:0
2018-07-20 10:09:59, action:GET_SEAT, queryId:218119, code:00, time_process:1
2018-07-20 10:10:12, action:SEARCH_FILM, cinema:ALL, code:00, time_process:0
2018-07-20 10:10:12, action:SEARCH_FILM, cinema:ALL, code:00, time_process:0
2018-07-20 10:10:31, action:GET_TICKET_TYPE, sessioncode:965388, code:00, time_process:0
2018-07-20 10:10:38, action:GET_SEAT, queryId:218120, code:00, time_process:2
2018-07-20 10:10:41, action:SEARCH_FILM, cinema:ALL, code:00, time_process:0
2018-07-20 10:11:11, action:SEARCH_FILM, cinema:ALL, code:00, time_process:0
2018-07-20 10:11:14, action:SEARCH_FILM, cinema:ALL, code:00, time_process:0
2018-07-20 10:11:21, action:GET_SEAT, queryId:218120, code:00, time_process:1
2018-07-20 10:11:25, action:SEARCH_FILM, cinema:60, code:00, time_process:0
2018-07-20 10:11:37, action:SEARCH_FILM, cinema:ALL, code:00, time_process:0
2018-07-20 10:11:42, action:SEARCH_FILM, cinema:ALL, code:00, time_process:0
2018-07-20 10:11:47, action:SEARCH_FILM, cinema:ALL, code:00, time_process:0
2018-07-20 10:11:51, action:SEARCH_FILM, cinema:ALL, code:00, time_process:0
2018-07-20 10:11:57, action:SEARCH_FILM, cinema:ALL, code:00, time_process:0
2018-07-20 10:11:59, action:SEARCH_FILM, cinema:ALL, code:00, time_process:0
2018-07-20 10:12:26, action:SEARCH_FILM, cinema:ALL, code:00, time_process:0
2018-07-20 10:12:29, action:SEARCH_FILM, cinema:57, code:00, time_process:0
2018-07-20 10:12:40, action:SEARCH_FILM, cinema:ALL, code:00, time_process:0
2018-07-20 10:12:41, action:SEARCH_FILM, cinema:ALL, code:00, time_process:0
2018-07-20 10:12:51, action:SEARCH_FILM, cinema:ALL, code:00, time_process:0
2018-07-20 10:12:51, action:SEARCH_FILM, cinema:ALL, code:00, time_process:0
2018-07-20 10:12:53, action:SEARCH_FILM, cinema:ALL, code:00, time_process:0
2018-07-20 10:12:58, action:SEARCH_FILM, cinema:49, code:00, time_process:0
2018-07-20 10:13:03, action:CREATE_ORDER, queryId:218120, code:00, time_process:0
2018-07-20 10:13:05, action:SEARCH_FILM, cinema:ALL, code:00, time_process:0
2018-07-20 10:13:13, action:SEARCH_FILM, cinema:ALL, code:00, time_process:0
2018-07-20 10:13:29, action:SEARCH_FILM, cinema:55, code:00, time_process:0
2018-07-20 10:14:13, action:GET_TICKET_TYPE, sessioncode:966410, code:00, time_process:0
2018-07-20 10:14:17, action:SEARCH_FILM, cinema:54, code:00, time_process:0
2018-07-20 10:14:26, action:GET_SEAT, queryId:218121, code:00, time_process:2
2018-07-20 10:15:00, action:SEARCH_FILM, cinema:ALL, code:00, time_process:0
2018-07-20 10:15:01, action:SEARCH_FILM, cinema:ALL, code:00, time_process:0
2018-07-20 10:15:13, action:GET_TICKET_TYPE, sessioncode:965388, code:00, time_process:0
2018-07-20 10:15:19, action:GET_SEAT, queryId:218122, code:00, time_process:2
2018-07-20 10:15:21, action:SEARCH_FILM, cinema:ALL, code:00, time_process:0
2018-07-20 10:15:41, action:SEARCH_FILM, cinema:67, code:00, time_process:0
2018-07-20 10:16:03, action:CREATE_ORDER, queryId:218122, code:00, time_process:0
2018-07-20 10:16:26, action:CONFIRM_TICKET, queryId:218122, code:00, time_process:7
2018-07-20 10:16:46, action:SEARCH_FILM, cinema:ALL, code:00, time_process:0
2018-07-20 10:17:05, action:SEARCH_FILM, cinema:ALL, code:00, time_process:0
2018-07-20 10:17:10, action:SEARCH_FILM, cinema:ALL, code:00, time_process:0
2018-07-20 10:17:22, action:SEARCH_FILM, cinema:ALL, code:00, time_process:0
2018-07-20 10:17:24, action:SEARCH_FILM, cinema:ALL, code:00, time_process:0
2018-07-20 10:17:26, action:SEARCH_FILM, cinema:ALL, code:00, time_process:0
2018-07-20 10:17:30, action:SEARCH_FILM, cinema:ALL, code:00, time_process:0
2018-07-20 10:17:47, action:SEARCH_FILM, cinema:ALL, code:00, time_process:0
2018-07-20 10:17:53, action:SEARCH_FILM, cinema:ALL, code:00, time_process:0
2018-07-20 10:17:58, action:SEARCH_FILM, cinema:58, code:00, time_process:0
2018-07-20 10:18:02, action:SEARCH_FILM, cinema:ALL, code:00, time_process:0
2018-07-20 10:18:06, action:SEARCH_FILM, cinema:ALL, code:00, time_process:0
2018-07-20 10:18:09, action:GET_TICKET_TYPE, sessioncode:963620, code:00, time_process:0
2018-07-20 10:18:13, action:SEARCH_FILM, cinema:ALL, code:00, time_process:0
2018-07-20 10:18:24, action:GET_SEAT, queryId:218123, code:00, time_process:2
2018-07-20 10:18:26, action:SEARCH_FILM, cinema:49, code:00, time_process:0
2018-07-20 10:18:30, action:SEARCH_FILM, cinema:ALL, code:00, time_process:0
2018-07-20 10:18:38, action:GET_TICKET_TYPE, sessioncode:968120, code:00, time_process:0
2018-07-20 10:18:51, action:SEARCH_FILM, cinema:ALL, code:00, time_process:0
2018-07-20 10:19:15, action:SEARCH_FILM, cinema:54, code:00, time_process:0
2018-07-20 10:19:20, action:SEARCH_FILM, cinema:61, code:00, time_process:0
2018-07-20 10:19:21, action:SEARCH_FILM, cinema:ALL, code:00, time_process:0
2018-07-20 10:19:58, action:SEARCH_FILM, cinema:44, code:00, time_process:0
2018-07-20 10:20:40, action:SEARCH_FILM, cinema:ALL, code:00, time_process:0
2018-07-20 10:20:41, action:SEARCH_FILM, cinema:ALL, code:00, time_process:0
2018-07-20 10:20:42, action:SEARCH_FILM, cinema:ALL, code:00, time_process:0
2018-07-20 10:20:51, action:SEARCH_FILM, cinema:60, code:00, time_process:0
2018-07-20 10:21:06, action:SEARCH_FILM, cinema:ALL, code:00, time_process:0
2018-07-20 10:21:16, action:SEARCH_FILM, cinema:44, code:00, time_process:0
2018-07-20 10:21:16, action:SEARCH_FILM, cinema:44, code:00, time_process:0
2018-07-20 10:21:28, action:SEARCH_FILM, cinema:ALL, code:00, time_process:0
2018-07-20 10:21:28, action:SEARCH_FILM, cinema:ALL, code:00, time_process:0
2018-07-20 10:21:36, action:SEARCH_FILM, cinema:ALL, code:00, time_process:0
2018-07-20 10:21:36, action:SEARCH_FILM, cinema:66, code:00, time_process:0
2018-07-20 10:21:40, action:SEARCH_FILM, cinema:66, code:00, time_process:0
2018-07-20 10:21:41, action:SEARCH_FILM, cinema:ALL, code:00, time_process:0
2018-07-20 10:21:48, action:SEARCH_FILM, cinema:56, code:00, time_process:0
2018-07-20 10:21:51, action:SEARCH_FILM, cinema:ALL, code:00, time_process:0
2018-07-20 10:21:59, action:SEARCH_FILM, cinema:ALL, code:00, time_process:0
2018-07-20 10:22:18, action:SEARCH_FILM, cinema:ALL, code:00, time_process:0
2018-07-20 10:22:41, action:SEARCH_FILM, cinema:ALL, code:00, time_process:0
2018-07-20 10:22:46, action:SEARCH_FILM, cinema:56, code:00, time_process:0
2018-07-20 10:22:53, action:SEARCH_FILM, cinema:65, code:00, time_process:0
2018-07-20 10:23:10, action:SEARCH_FILM, cinema:ALL, code:00, time_process:0
2018-07-20 10:23:24, action:SEARCH_FILM, cinema:ALL, code:00, time_process:0
2018-07-20 10:23:37, action:SEARCH_FILM, cinema:ALL, code:00, time_process:0
2018-07-20 10:23:47, action:SEARCH_FILM, cinema:ALL, code:00, time_process:0
2018-07-20 10:24:08, action:SEARCH_FILM, cinema:ALL, code:00, time_process:0
2018-07-20 10:24:15, action:SEARCH_FILM, cinema:ALL, code:00, time_process:0
2018-07-20 10:24:17, action:SEARCH_FILM, cinema:ALL, code:00, time_process:0
2018-07-20 10:24:18, action:SEARCH_FILM, cinema:64, code:00, time_process:0
2018-07-20 10:24:31, action:SEARCH_FILM, cinema:49, code:00, time_process:0
2018-07-20 10:24:34, action:GET_TICKET_TYPE, sessioncode:971702, code:00, time_process:0
2018-07-20 10:24:34, action:SEARCH_FILM, cinema:ALL, code:00, time_process:0
2018-07-20 10:24:38, action:SEARCH_FILM, cinema:ALL, code:00, time_process:0
2018-07-20 10:24:42, action:GET_SEAT, queryId:218125, code:00, time_process:1
2018-07-20 10:24:48, action:SEARCH_FILM, cinema:ALL, code:00, time_process:0
2018-07-20 10:25:15, action:SEARCH_FILM, cinema:ALL, code:00, time_process:0
2018-07-20 10:25:17, action:SEARCH_FILM, cinema:49, code:00, time_process:0
2018-07-20 10:25:24, action:GET_TICKET_TYPE, sessioncode:960432, code:00, time_process:0
2018-07-20 10:25:34, action:SEARCH_FILM, cinema:ALL, code:00, time_process:0
2018-07-20 10:25:35, action:GET_SEAT, queryId:218126, code:00, time_process:1
2018-07-20 10:25:49, action:SEARCH_FILM, cinema:58, code:00, time_process:0
2018-07-20 10:25:50, action:SEARCH_FILM, cinema:ALL, code:00, time_process:0
2018-07-20 10:25:54, action:SEARCH_FILM, cinema:ALL, code:00, time_process:0
2018-07-20 10:26:04, action:SEARCH_FILM, cinema:ALL, code:00, time_process:0
2018-07-20 10:26:09, action:SEARCH_FILM, cinema:ALL, code:00, time_process:0
2018-07-20 10:26:46, action:SEARCH_FILM, cinema:ALL, code:00, time_process:0
2018-07-20 10:26:48, action:SEARCH_FILM, cinema:ALL, code:00, time_process:0
2018-07-20 10:26:58, action:SEARCH_FILM, cinema:58, code:00, time_process:0
2018-07-20 10:27:02, action:SEARCH_FILM, cinema:ALL, code:00, time_process:0
2018-07-20 10:27:31, action:SEARCH_FILM, cinema:ALL, code:00, time_process:0
2018-07-20 10:27:49, action:SEARCH_FILM, cinema:ALL, code:00, time_process:0
2018-07-20 10:27:53, action:SEARCH_FILM, cinema:51, code:00, time_process:0
2018-07-20 10:27:57, action:SEARCH_FILM, cinema:ALL, code:00, time_process:0
2018-07-20 10:28:07, action:SEARCH_FILM, cinema:ALL, code:00, time_process:0
2018-07-20 10:28:10, action:SEARCH_FILM, cinema:ALL, code:00, time_process:0
2018-07-20 10:28:20, action:SEARCH_FILM, cinema:ALL, code:00, time_process:0
2018-07-20 10:28:36, action:SEARCH_FILM, cinema:ALL, code:00, time_process:0
2018-07-20 10:28:58, action:SEARCH_FILM, cinema:ALL, code:00, time_process:0
2018-07-20 10:29:01, action:SEARCH_FILM, cinema:ALL, code:00, time_process:0
2018-07-20 10:29:06, action:SEARCH_FILM, cinema:44, code:00, time_process:0
2018-07-20 10:29:08, action:SEARCH_FILM, cinema:ALL, code:00, time_process:0
2018-07-20 10:29:22, action:SEARCH_FILM, cinema:56, code:00, time_process:0
2018-07-20 10:29:34, action:SEARCH_FILM, cinema:ALL, code:00, time_process:0
2018-07-20 10:29:44, action:SEARCH_FILM, cinema:ALL, code:00, time_process:0
2018-07-20 10:29:46, action:SEARCH_FILM, cinema:ALL, code:00, time_process:0
2018-07-20 10:29:47, action:SEARCH_FILM, cinema:ALL, code:00, time_process:0
2018-07-20 10:29:52, action:SEARCH_FILM, cinema:ALL, code:00, time_process:0
2018-07-20 10:29:58, action:SEARCH_FILM, cinema:ALL, code:00, time_process:0
2018-07-20 10:30:19, action:SEARCH_FILM, cinema:56, code:00, time_process:0
2018-07-20 10:30:33, action:SEARCH_FILM, cinema:ALL, code:00, time_process:0
2018-07-20 10:30:37, action:SEARCH_FILM, cinema:ALL, code:00, time_process:0
2018-07-20 10:31:08, action:SEARCH_FILM, cinema:ALL, code:00, time_process:0
2018-07-20 10:31:17, action:SEARCH_FILM, cinema:ALL, code:00, time_process:0
2018-07-20 10:31:52, action:SEARCH_FILM, cinema:ALL, code:00, time_process:0
2018-07-20 10:32:36, action:SEARCH_FILM, cinema:ALL, code:00, time_process:0
2018-07-20 10:32:37, action:GET_TICKET_TYPE, sessioncode:959960, code:00, time_process:0
2018-07-20 10:32:40, action:SEARCH_FILM, cinema:ALL, code:00, time_process:0
2018-07-20 10:32:46, action:GET_SEAT, queryId:218127, code:00, time_process:1
2018-07-20 10:33:18, action:SEARCH_FILM, cinema:ALL, code:00, time_process:0
2018-07-20 10:33:18, action:SEARCH_FILM, cinema:ALL, code:00, time_process:0
2018-07-20 10:33:30, action:SEARCH_FILM, cinema:ALL, code:00, time_process:0
2018-07-20 10:33:34, action:SEARCH_FILM, cinema:ALL, code:00, time_process:0
2018-07-20 10:34:01, action:SEARCH_FILM, cinema:ALL, code:00, time_process:0
2018-07-20 10:34:06, action:SEARCH_FILM, cinema:ALL, code:00, time_process:0
2018-07-20 10:34:06, action:SEARCH_FILM, cinema:ALL, code:00, time_process:0
2018-07-20 10:34:13, action:SEARCH_FILM, cinema:56, code:00, time_process:0
2018-07-20 10:35:32, action:SEARCH_FILM, cinema:ALL, code:00, time_process:0
2018-07-20 10:35:38, action:SEARCH_FILM, cinema:ALL, code:00, time_process:0
2018-07-20 10:35:43, action:SEARCH_FILM, cinema:ALL, code:00, time_process:0
2018-07-20 10:36:20, action:SEARCH_FILM, cinema:ALL, code:00, time_process:0
2018-07-20 10:36:27, action:SEARCH_FILM, cinema:ALL, code:00, time_process:0
2018-07-20 10:36:49, action:SEARCH_FILM, cinema:ALL, code:00, time_process:0
2018-07-20 10:37:00, action:SEARCH_FILM, cinema:ALL, code:00, time_process:0
2018-07-20 10:37:06, action:SEARCH_FILM, cinema:ALL, code:00, time_process:0
2018-07-20 10:37:11, action:SEARCH_FILM, cinema:56, code:00, time_process:0
2018-07-20 10:37:14, action:SEARCH_FILM, cinema:ALL, code:00, time_process:0
2018-07-20 10:37:30, action:GET_TICKET_TYPE, sessioncode:964074, code:00, time_process:0
2018-07-20 10:37:48, action:SEARCH_FILM, cinema:ALL, code:00, time_process:0
2018-07-20 10:38:10, action:SEARCH_FILM, cinema:41, code:00, time_process:0
2018-07-20 10:38:27, action:SEARCH_FILM, cinema:ALL, code:00, time_process:0
2018-07-20 10:38:34, action:SEARCH_FILM, cinema:ALL, code:00, time_process:0
2018-07-20 10:38:37, action:SEARCH_FILM, cinema:ALL, code:00, time_process:0
2018-07-20 10:38:49, action:SEARCH_FILM, cinema:ALL, code:00, time_process:0
2018-07-20 10:38:51, action:SEARCH_FILM, cinema:54, code:00, time_process:0
2018-07-20 10:38:56, action:SEARCH_FILM, cinema:58, code:00, time_process:0
2018-07-20 10:39:07, action:SEARCH_FILM, cinema:51, code:00, time_process:0
2018-07-20 10:39:19, action:GET_SEAT, queryId:218129, code:01, time_process:0
2018-07-20 10:39:21, action:GET_SEAT, queryId:218130, code:01, time_process:0
2018-07-20 10:39:23, action:SEARCH_FILM, cinema:ALL, code:00, time_process:0
2018-07-20 10:39:26, action:SEARCH_FILM, cinema:ALL, code:00, time_process:0
2018-07-20 10:39:29, action:SEARCH_FILM, cinema:ALL, code:00, time_process:0
2018-07-20 10:39:31, action:GET_TICKET_TYPE, sessioncode:959966, code:00, time_process:0
2018-07-20 10:39:33, action:SEARCH_FILM, cinema:ALL, code:00, time_process:0
2018-07-20 10:39:37, action:SEARCH_FILM, cinema:ALL, code:00, time_process:0
2018-07-20 10:39:37, action:SEARCH_FILM, cinema:ALL, code:00, time_process:0
2018-07-20 10:39:41, action:GET_SEAT, queryId:218131, code:00, time_process:1
2018-07-20 10:39:43, action:SEARCH_FILM, cinema:56, code:00, time_process:0
2018-07-20 10:39:56, action:GET_TICKET_TYPE, sessioncode:964066, code:00, time_process:0
2018-07-20 10:40:04, action:SEARCH_FILM, cinema:56, code:00, time_process:0
2018-07-20 10:40:06, action:SEARCH_FILM, cinema:ALL, code:00, time_process:0
2018-07-20 10:40:11, action:SEARCH_FILM, cinema:ALL, code:00, time_process:0
2018-07-20 10:40:13, action:SEARCH_FILM, cinema:56, code:00, time_process:0
2018-07-20 10:40:15, action:SEARCH_FILM, cinema:ALL, code:00, time_process:0
2018-07-20 10:40:29, action:SEARCH_FILM, cinema:ALL, code:00, time_process:0
2018-07-20 10:40:38, action:SEARCH_FILM, cinema:ALL, code:00, time_process:0
2018-07-20 10:40:43, action:SEARCH_FILM, cinema:65, code:00, time_process:0
2018-07-20 10:40:49, action:GET_TICKET_TYPE, sessioncode:964220, code:00, time_process:0
2018-07-20 10:40:58, action:SEARCH_FILM, cinema:ALL, code:00, time_process:0
2018-07-20 10:41:08, action:GET_TICKET_TYPE, sessioncode:964194, code:00, time_process:0
2018-07-20 10:41:15, action:GET_TICKET_TYPE, sessioncode:964308, code:00, time_process:0
2018-07-20 10:41:23, action:SEARCH_FILM, cinema:48, code:00, time_process:0
2018-07-20 10:41:24, action:GET_TICKET_TYPE, sessioncode:964316, code:00, time_process:0
2018-07-20 10:41:24, action:SEARCH_FILM, cinema:50, code:00, time_process:0
2018-07-20 10:41:46, action:SEARCH_FILM, cinema:ALL, code:00, time_process:0
2018-07-20 10:41:57, action:SEARCH_FILM, cinema:ALL, code:00, time_process:0
2018-07-20 10:42:02, action:SEARCH_FILM, cinema:ALL, code:00, time_process:0
2018-07-20 10:42:23, action:GET_TICKET_TYPE, sessioncode:965694, code:00, time_process:0
2018-07-20 10:42:35, action:SEARCH_FILM, cinema:ALL, code:00, time_process:0
2018-07-20 10:42:36, action:GET_SEAT, queryId:218137, code:00, time_process:2
2018-07-20 10:42:38, action:SEARCH_FILM, cinema:ALL, code:00, time_process:0
2018-07-20 10:42:48, action:SEARCH_FILM, cinema:ALL, code:00, time_process:0
2018-07-20 10:42:51, action:SEARCH_FILM, cinema:54, code:00, time_process:0
2018-07-20 10:42:52, action:SEARCH_FILM, cinema:49, code:00, time_process:0
2018-07-20 10:42:59, action:SEARCH_FILM, cinema:ALL, code:00, time_process:0
2018-07-20 10:43:03, action:SEARCH_FILM, cinema:49, code:00, time_process:0
2018-07-20 10:43:03, action:SEARCH_FILM, cinema:ALL, code:00, time_process:0
2018-07-20 10:43:06, action:SEARCH_FILM, cinema:ALL, code:00, time_process:0
2018-07-20 10:43:13, action:GET_TICKET_TYPE, sessioncode:965700, code:00, time_process:0
2018-07-20 10:43:14, action:SEARCH_FILM, cinema:49, code:00, time_process:0
2018-07-20 10:43:23, action:SEARCH_FILM, cinema:ALL, code:00, time_process:0
2018-07-20 10:43:33, action:SEARCH_FILM, cinema:ALL, code:00, time_process:0
2018-07-20 10:43:34, action:GET_TICKET_TYPE, sessioncode:960432, code:00, time_process:0
2018-07-20 10:43:41, action:GET_SEAT, queryId:218139, code:00, time_process:1
2018-07-20 10:43:52, action:GET_TICKET_TYPE, sessioncode:968126, code:00, time_process:0
2018-07-20 10:44:00, action:SEARCH_FILM, cinema:59, code:00, time_process:0
2018-07-20 10:44:24, action:SEARCH_FILM, cinema:ALL, code:00, time_process:0
2018-07-20 10:44:25, action:GET_SEAT, queryId:218140, code:00, time_process:1
2018-07-20 10:44:30, action:SEARCH_FILM, cinema:ALL, code:00, time_process:0
2018-07-20 10:44:47, action:SEARCH_FILM, cinema:41, code:00, time_process:0
2018-07-20 10:44:47, action:SEARCH_FILM, cinema:41, code:00, time_process:0
2018-07-20 10:44:54, action:SEARCH_FILM, cinema:53, code:00, time_process:0
2018-07-20 10:45:21, action:SEARCH_FILM, cinema:ALL, code:00, time_process:0
2018-07-20 10:45:24, action:SEARCH_FILM, cinema:ALL, code:00, time_process:0
2018-07-20 10:45:48, action:SEARCH_FILM, cinema:ALL, code:00, time_process:0
2018-07-20 10:46:21, action:GET_SEAT, queryId:218141, code:01, time_process:0
2018-07-20 10:46:27, action:GET_SEAT, queryId:218142, code:00, time_process:1
2018-07-20 10:46:41, action:GET_SEAT, queryId:218143, code:01, time_process:0
2018-07-20 10:46:42, action:GET_SEAT, queryId:218127, code:00, time_process:1
2018-07-20 10:46:46, action:SEARCH_FILM, cinema:56, code:00, time_process:0
2018-07-20 10:47:04, action:SEARCH_FILM, cinema:ALL, code:00, time_process:0
2018-07-20 10:47:27, action:SEARCH_FILM, cinema:ALL, code:00, time_process:0
2018-07-20 10:47:32, action:SEARCH_FILM, cinema:ALL, code:00, time_process:0
2018-07-20 10:48:05, action:SEARCH_FILM, cinema:ALL, code:00, time_process:0
2018-07-20 10:48:15, action:SEARCH_FILM, cinema:ALL, code:00, time_process:0
2018-07-20 10:48:41, action:SEARCH_FILM, cinema:ALL, code:00, time_process:0
2018-07-20 10:48:52, action:SEARCH_FILM, cinema:59, code:00, time_process:0
2018-07-20 10:49:03, action:SEARCH_FILM, cinema:ALL, code:00, time_process:0
2018-07-20 10:49:17, action:SEARCH_FILM, cinema:57, code:00, time_process:0
2018-07-20 10:49:39, action:SEARCH_FILM, cinema:ALL, code:00, time_process:0
2018-07-20 10:49:45, action:SEARCH_FILM, cinema:ALL, code:00, time_process:0
2018-07-20 10:49:45, action:SEARCH_FILM, cinema:51, code:00, time_process:0
2018-07-20 10:49:56, action:SEARCH_FILM, cinema:ALL, code:00, time_process:0
2018-07-20 10:50:47, action:SEARCH_FILM, cinema:54, code:00, time_process:0
2018-07-20 10:51:05, action:SEARCH_FILM, cinema:ALL, code:00, time_process:0
2018-07-20 10:51:26, action:SEARCH_FILM, cinema:ALL, code:00, time_process:0
2018-07-20 10:51:45, action:SEARCH_FILM, cinema:56, code:00, time_process:0
2018-07-20 10:51:53, action:SEARCH_FILM, cinema:ALL, code:00, time_process:0
2018-07-20 10:51:56, action:SEARCH_FILM, cinema:ALL, code:00, time_process:0
2018-07-20 10:51:59, action:GET_TICKET_TYPE, sessioncode:964208, code:00, time_process:0
2018-07-20 10:52:02, action:SEARCH_FILM, cinema:ALL, code:00, time_process:0
2018-07-20 10:52:09, action:SEARCH_FILM, cinema:61, code:00, time_process:0
2018-07-20 10:52:27, action:SEARCH_FILM, cinema:ALL, code:00, time_process:0
2018-07-20 10:52:33, action:SEARCH_FILM, cinema:ALL, code:00, time_process:0
2018-07-20 10:52:51, action:SEARCH_FILM, cinema:ALL, code:00, time_process:0
2018-07-20 10:52:55, action:SEARCH_FILM, cinema:ALL, code:00, time_process:0
2018-07-20 10:53:15, action:SEARCH_FILM, cinema:ALL, code:00, time_process:0
2018-07-20 10:53:19, action:SEARCH_FILM, cinema:ALL, code:00, time_process:0
2018-07-20 10:53:22, action:SEARCH_FILM, cinema:ALL, code:00, time_process:0
2018-07-20 10:53:32, action:SEARCH_FILM, cinema:ALL, code:00, time_process:0
2018-07-20 10:53:43, action:SEARCH_FILM, cinema:ALL, code:00, time_process:0
2018-07-20 10:53:46, action:SEARCH_FILM, cinema:ALL, code:00, time_process:0
2018-07-20 10:53:48, action:SEARCH_FILM, cinema:ALL, code:00, time_process:0
2018-07-20 10:54:14, action:SEARCH_FILM, cinema:ALL, code:00, time_process:0
2018-07-20 10:54:31, action:SEARCH_FILM, cinema:ALL, code:00, time_process:0
2018-07-20 10:54:40, action:SEARCH_FILM, cinema:ALL, code:00, time_process:0
2018-07-20 10:54:55, action:SEARCH_FILM, cinema:ALL, code:00, time_process:0
2018-07-20 10:55:02, action:SEARCH_FILM, cinema:44, code:00, time_process:0
2018-07-20 10:55:02, action:SEARCH_FILM, cinema:44, code:00, time_process:0
2018-07-20 10:55:09, action:SEARCH_FILM, cinema:46, code:00, time_process:0
2018-07-20 10:55:14, action:SEARCH_FILM, cinema:ALL, code:00, time_process:0
2018-07-20 10:55:24, action:SEARCH_FILM, cinema:54, code:00, time_process:0
2018-07-20 10:55:25, action:SEARCH_FILM, cinema:ALL, code:00, time_process:0
2018-07-20 10:55:26, action:SEARCH_FILM, cinema:ALL, code:00, time_process:0
2018-07-20 10:55:27, action:SEARCH_FILM, cinema:49, code:00, time_process:0
2018-07-20 10:55:27, action:SEARCH_FILM, cinema:ALL, code:00, time_process:0
2018-07-20 10:55:33, action:GET_TICKET_TYPE, sessioncode:964072, code:00, time_process:0
2018-07-20 10:55:33, action:GET_TICKET_TYPE, sessioncode:968130, code:00, time_process:0
2018-07-20 10:55:40, action:SEARCH_FILM, cinema:ALL, code:00, time_process:0
2018-07-20 10:55:46, action:GET_SEAT, queryId:218146, code:00, time_process:1
2018-07-20 10:56:03, action:SEARCH_FILM, cinema:ALL, code:00, time_process:0
2018-07-20 10:56:05, action:SEARCH_FILM, cinema:ALL, code:00, time_process:0
2018-07-20 10:57:00, action:SEARCH_FILM, cinema:ALL, code:00, time_process:0
2018-07-20 10:57:00, action:SEARCH_FILM, cinema:ALL, code:00, time_process:0
2018-07-20 10:57:36, action:SEARCH_FILM, cinema:50, code:00, time_process:0
2018-07-20 10:58:01, action:SEARCH_FILM, cinema:ALL, code:00, time_process:0
2018-07-20 10:58:13, action:SEARCH_FILM, cinema:ALL, code:00, time_process:0
2018-07-20 10:58:22, action:GET_TICKET_TYPE, sessioncode:967166, code:00, time_process:5
2018-07-20 10:58:23, action:SEARCH_FILM, cinema:ALL, code:00, time_process:0
2018-07-20 10:58:25, action:SEARCH_FILM, cinema:ALL, code:00, time_process:0
2018-07-20 10:58:26, action:SEARCH_FILM, cinema:ALL, code:00, time_process:0
2018-07-20 10:58:45, action:SEARCH_FILM, cinema:47, code:00, time_process:0
2018-07-20 10:58:46, action:SEARCH_FILM, cinema:ALL, code:00, time_process:0
2018-07-20 10:58:48, action:SEARCH_FILM, cinema:57, code:00, time_process:0
2018-07-20 10:58:55, action:GET_TICKET_TYPE, sessioncode:964200, code:00, time_process:0
2018-07-20 10:59:22, action:SEARCH_FILM, cinema:50, code:00, time_process:0
2018-07-20 10:59:37, action:SEARCH_FILM, cinema:ALL, code:00, time_process:0
2018-07-20 10:59:49, action:SEARCH_FILM, cinema:ALL, code:00, time_process:0
2018-07-20 10:59:54, action:SEARCH_FILM, cinema:50, code:00, time_process:0
2018-07-20 10:59:59, action:SEARCH_FILM, cinema:ALL, code:00, time_process:0
2018-07-20 11:00:00, action:GET_TICKET_TYPE, sessioncode:962012, code:00, time_process:0
2018-07-20 11:00:04, action:SEARCH_FILM, cinema:49, code:00, time_process:0
2018-07-20 11:00:05, action:SEARCH_FILM, cinema:47, code:00, time_process:0
2018-07-20 11:00:21, action:GET_SEAT, queryId:218149, code:00, time_process:5
2018-07-20 11:00:22, action:SEARCH_FILM, cinema:ALL, code:00, time_process:0
2018-07-20 11:00:44, action:SEARCH_FILM, cinema:ALL, code:00, time_process:0
2018-07-20 11:00:46, action:GET_TICKET_TYPE, sessioncode:961994, code:00, time_process:0
2018-07-20 11:00:48, action:SEARCH_FILM, cinema:ALL, code:00, time_process:0
2018-07-20 11:00:52, action:SEARCH_FILM, cinema:53, code:00, time_process:0
2018-07-20 11:01:04, action:SEARCH_FILM, cinema:54, code:00, time_process:0
2018-07-20 11:01:04, action:SEARCH_FILM, cinema:ALL, code:00, time_process:0
2018-07-20 11:01:09, action:SEARCH_FILM, cinema:66, code:00, time_process:0
2018-07-20 11:01:19, action:SEARCH_FILM, cinema:ALL, code:00, time_process:0
2018-07-20 11:01:27, action:SEARCH_FILM, cinema:ALL, code:00, time_process:0
2018-07-20 11:01:29, action:GET_SEAT, queryId:218150, code:00, time_process:33
2018-07-20 11:01:35, action:SEARCH_FILM, cinema:ALL, code:00, time_process:0
2018-07-20 11:01:38, action:GET_TICKET_TYPE, sessioncode:967166, code:00, time_process:0
2018-07-20 11:01:39, action:SEARCH_FILM, cinema:ALL, code:00, time_process:0
2018-07-20 11:01:47, action:GET_SEAT, queryId:218151, code:00, time_process:2
2018-07-20 11:01:49, action:SEARCH_FILM, cinema:ALL, code:00, time_process:0
2018-07-20 11:01:53, action:SEARCH_FILM, cinema:ALL, code:00, time_process:0
2018-07-20 11:01:57, action:SEARCH_FILM, cinema:ALL, code:00, time_process:0
2018-07-20 11:01:58, action:SEARCH_FILM, cinema:ALL, code:00, time_process:0
2018-07-20 11:02:23, action:SEARCH_FILM, cinema:ALL, code:00, time_process:0
2018-07-20 11:02:24, action:SEARCH_FILM, cinema:ALL, code:00, time_process:0
2018-07-20 11:02:30, action:SEARCH_FILM, cinema:67, code:00, time_process:0
2018-07-20 11:02:35, action:SEARCH_FILM, cinema:ALL, code:00, time_process:0
2018-07-20 11:02:56, action:SEARCH_FILM, cinema:ALL, code:00, time_process:0
2018-07-20 11:03:24, action:SEARCH_FILM, cinema:ALL, code:00, time_process:0
2018-07-20 11:03:30, action:SEARCH_FILM, cinema:ALL, code:00, time_process:0
2018-07-20 11:03:32, action:SEARCH_FILM, cinema:ALL, code:00, time_process:0
2018-07-20 11:03:34, action:SEARCH_FILM, cinema:67, code:00, time_process:0
2018-07-20 11:03:41, action:SEARCH_FILM, cinema:ALL, code:00, time_process:0
2018-07-20 11:03:54, action:SEARCH_FILM, cinema:ALL, code:00, time_process:0
2018-07-20 11:03:57, action:SEARCH_FILM, cinema:49, code:00, time_process:0
2018-07-20 11:04:03, action:SEARCH_FILM, cinema:ALL, code:00, time_process:0
2018-07-20 11:04:27, action:SEARCH_FILM, cinema:67, code:00, time_process:0
2018-07-20 11:04:56, action:SEARCH_FILM, cinema:ALL, code:00, time_process:0
2018-07-20 11:05:05, action:SEARCH_FILM, cinema:ALL, code:00, time_process:0
2018-07-20 11:05:17, action:SEARCH_FILM, cinema:ALL, code:00, time_process:0
2018-07-20 11:05:32, action:SEARCH_FILM, cinema:ALL, code:00, time_process:0
2018-07-20 11:05:37, action:SEARCH_FILM, cinema:49, code:00, time_process:0
2018-07-20 11:05:41, action:SEARCH_FILM, cinema:ALL, code:00, time_process:0
2018-07-20 11:05:53, action:SEARCH_FILM, cinema:53, code:00, time_process:0
2018-07-20 11:05:57, action:CREATE_ORDER, queryId:218151, code:00, time_process:0
2018-07-20 11:06:03, action:SEARCH_FILM, cinema:ALL, code:00, time_process:0
2018-07-20 11:06:04, action:SEARCH_FILM, cinema:ALL, code:00, time_process:0
2018-07-20 11:06:05, action:SEARCH_FILM, cinema:ALL, code:00, time_process:0
2018-07-20 11:06:10, action:SEARCH_FILM, cinema:56, code:00, time_process:0
2018-07-20 11:06:15, action:SEARCH_FILM, cinema:55, code:00, time_process:0
2018-07-20 11:06:22, action:GET_TICKET_TYPE, sessioncode:967726, code:00, time_process:0
2018-07-20 11:06:41, action:SEARCH_FILM, cinema:ALL, code:00, time_process:0
2018-07-20 11:06:47, action:CONFIRM_TICKET, queryId:218151, code:00, time_process:7
2018-07-20 11:06:55, action:SEARCH_FILM, cinema:ALL, code:00, time_process:0
2018-07-20 11:07:58, action:SEARCH_FILM, cinema:ALL, code:00, time_process:0
2018-07-20 11:07:58, action:SEARCH_FILM, cinema:57, code:00, time_process:0
2018-07-20 11:08:26, action:SEARCH_FILM, cinema:ALL, code:00, time_process:0
2018-07-20 11:08:35, action:SEARCH_FILM, cinema:ALL, code:00, time_process:0
2018-07-20 11:08:44, action:SEARCH_FILM, cinema:ALL, code:00, time_process:0
2018-07-20 11:08:51, action:SEARCH_FILM, cinema:49, code:00, time_process:0
2018-07-20 11:08:55, action:SEARCH_FILM, cinema:ALL, code:00, time_process:0
2018-07-20 11:09:11, action:SEARCH_FILM, cinema:ALL, code:00, time_process:0
2018-07-20 11:09:25, action:SEARCH_FILM, cinema:ALL, code:00, time_process:0
2018-07-20 11:09:56, action:SEARCH_FILM, cinema:ALL, code:00, time_process:0
2018-07-20 11:10:08, action:SEARCH_FILM, cinema:ALL, code:00, time_process:0
2018-07-20 11:10:19, action:SEARCH_FILM, cinema:ALL, code:00, time_process:0
2018-07-20 11:10:36, action:SEARCH_FILM, cinema:ALL, code:00, time_process:0
2018-07-20 11:10:41, action:SEARCH_FILM, cinema:41, code:00, time_process:0
2018-07-20 11:10:49, action:GET_SEAT, queryId:218153, code:00, time_process:1
2018-07-20 11:11:10, action:SEARCH_FILM, cinema:ALL, code:00, time_process:0
2018-07-20 11:11:12, action:SEARCH_FILM, cinema:ALL, code:00, time_process:0
2018-07-20 11:11:14, action:SEARCH_FILM, cinema:ALL, code:00, time_process:0
2018-07-20 11:11:27, action:SEARCH_FILM, cinema:ALL, code:00, time_process:0
2018-07-20 11:11:31, action:SEARCH_FILM, cinema:58, code:00, time_process:0
2018-07-20 11:11:42, action:SEARCH_FILM, cinema:ALL, code:00, time_process:0
2018-07-20 11:11:57, action:SEARCH_FILM, cinema:ALL, code:00, time_process:0
2018-07-20 11:12:06, action:SEARCH_FILM, cinema:ALL, code:00, time_process:0
2018-07-20 11:12:13, action:SEARCH_FILM, cinema:ALL, code:00, time_process:0
2018-07-20 11:12:14, action:SEARCH_FILM, cinema:56, code:00, time_process:0
2018-07-20 11:12:23, action:SEARCH_FILM, cinema:ALL, code:00, time_process:0
2018-07-20 11:12:36, action:SEARCH_FILM, cinema:ALL, code:00, time_process:0
2018-07-20 11:12:41, action:CREATE_ORDER, queryId:218153, code:00, time_process:0
2018-07-20 11:12:54, action:SEARCH_FILM, cinema:ALL, code:00, time_process:0
2018-07-20 11:13:06, action:SEARCH_FILM, cinema:ALL, code:00, time_process:0
2018-07-20 11:13:22, action:SEARCH_FILM, cinema:ALL, code:00, time_process:0
2018-07-20 11:13:25, action:GET_TICKET_TYPE, sessioncode:963044, code:00, time_process:1
2018-07-20 11:13:31, action:CONFIRM_TICKET, queryId:218153, code:00, time_process:1
2018-07-20 11:13:37, action:GET_SEAT, queryId:218154, code:00, time_process:2
2018-07-20 11:13:49, action:SEARCH_FILM, cinema:ALL, code:00, time_process:0
2018-07-20 11:14:03, action:SEARCH_FILM, cinema:ALL, code:00, time_process:0
2018-07-20 11:14:16, action:SEARCH_FILM, cinema:ALL, code:00, time_process:0
2018-07-20 11:14:26, action:SEARCH_FILM, cinema:ALL, code:00, time_process:0
2018-07-20 11:14:35, action:SEARCH_FILM, cinema:49, code:00, time_process:0
2018-07-20 11:14:39, action:GET_TICKET_TYPE, sessioncode:964230, code:00, time_process:0
2018-07-20 11:14:48, action:GET_SEAT, queryId:218155, code:00, time_process:4
2018-07-20 11:14:55, action:SEARCH_FILM, cinema:63, code:00, time_process:0
2018-07-20 11:14:59, action:SEARCH_FILM, cinema:ALL, code:00, time_process:0
2018-07-20 11:15:21, action:SEARCH_FILM, cinema:ALL, code:00, time_process:0
2018-07-20 11:15:22, action:SEARCH_FILM, cinema:47, code:00, time_process:0
2018-07-20 11:15:25, action:GET_TICKET_TYPE, sessioncode:965872, code:00, time_process:0
2018-07-20 11:15:34, action:SEARCH_FILM, cinema:56, code:00, time_process:0
2018-07-20 11:15:37, action:SEARCH_FILM, cinema:ALL, code:00, time_process:0
2018-07-20 11:15:47, action:SEARCH_FILM, cinema:64, code:00, time_process:0
2018-07-20 11:15:54, action:GET_TICKET_TYPE, sessioncode:970612, code:00, time_process:0
