2018-11-06 00:01:51, action:SEARCH_TRAIN, code:00, time_process:1
2018-11-06 00:02:19, action:GET_SEAT, code:00, time_process:2, request_id:23299
2018-11-06 00:05:51, action:SEARCH_TRAIN, code:00, time_process:1
2018-11-06 00:06:27, action:GET_SEAT, code:00, time_process:5, request_id:23300
2018-11-06 00:12:29, action:SEARCH_TRAIN, code:00, time_process:0
2018-11-06 00:13:00, action:SEARCH_TRAIN, code:00, time_process:0
2018-11-06 00:13:12, action:SEARCH_TRAIN, code:00, time_process:0
2018-11-06 00:13:25, action:SEARCH_TRAIN, code:00, time_process:0
2018-11-06 00:14:50, action:SEARCH_TRAIN, code:00, time_process:0
2018-11-06 00:14:58, action:SEARCH_TRAIN, code:00, time_process:0
2018-11-06 00:15:43, action:SEARCH_TRAIN, code:00, time_process:0
2018-11-06 00:15:55, action:SEARCH_TRAIN, code:00, time_process:0
2018-11-06 00:16:29, action:SEARCH_TRAIN, code:00, time_process:0
2018-11-06 00:17:09, action:GET_SEAT, code:00, time_process:5, request_id:23309
2018-11-06 00:18:38, action:SEARCH_TRAIN, code:00, time_process:1
2018-11-06 00:19:07, action:GET_SEAT, code:00, time_process:3, request_id:23310
2018-11-06 01:33:30, action:SEARCH_TRAIN, code:00, time_process:1
2018-11-06 01:34:11, action:GET_SEAT, code:00, time_process:3, request_id:23311
2018-11-06 02:24:05, action:SEARCH_TRAIN, code:00, time_process:1
2018-11-06 02:24:20, action:GET_SEAT, code:00, time_process:3, request_id:23312
2018-11-06 02:24:55, action:SEARCH_TRAIN, code:00, time_process:1
2018-11-06 02:25:18, action:GET_SEAT, code:00, time_process:3, request_id:23313
2018-11-06 02:25:27, action:GET_SEAT, code:00, time_process:3, request_id:23313
2018-11-06 02:25:43, action:GET_SEAT, code:00, time_process:2, request_id:23313
2018-11-06 02:25:49, action:GET_SEAT, code:00, time_process:2, request_id:23313
2018-11-06 02:26:11, action:GET_SEAT, code:00, time_process:2, request_id:23313
2018-11-06 02:26:36, action:GET_SEAT, code:00, time_process:2, request_id:23313
2018-11-06 02:26:44, action:GET_SEAT, code:00, time_process:2, request_id:23313
2018-11-06 02:26:51, action:GET_SEAT, code:00, time_process:3, request_id:23313
2018-11-06 02:27:10, action:GET_SEAT, code:00, time_process:3, request_id:23313
2018-11-06 02:27:17, action:GET_SEAT, code:00, time_process:3, request_id:23313
2018-11-06 02:27:34, action:GET_SEAT, code:00, time_process:2, request_id:23313
2018-11-06 02:27:42, action:GET_SEAT, code:00, time_process:2, request_id:23313
2018-11-06 02:28:06, action:GET_SEAT, code:00, time_process:2, request_id:23313
2018-11-06 02:28:11, action:GET_SEAT, code:00, time_process:2, request_id:23313
2018-11-06 02:29:31, action:GET_SEAT, code:00, time_process:3, request_id:23313
2018-11-06 02:29:39, action:GET_SEAT, code:00, time_process:3, request_id:23313
2018-11-06 02:29:54, action:GET_SEAT, code:00, time_process:3, request_id:23313
2018-11-06 02:30:05, action:GET_SEAT, code:00, time_process:2, request_id:23313
2018-11-06 02:30:11, action:GET_SEAT, code:00, time_process:2, request_id:23313
2018-11-06 02:30:15, action:GET_SEAT, code:99, time_process:120, request_id:23313
2018-11-06 02:30:23, action:GET_SEAT, code:00, time_process:3, request_id:23313
2018-11-06 02:30:48, action:GET_SEAT, code:00, time_process:2, request_id:23313
2018-11-06 02:31:25, action:GET_SEAT, code:00, time_process:3, request_id:23313
2018-11-06 02:31:37, action:GET_SEAT, code:00, time_process:3, request_id:23313
2018-11-06 02:31:45, action:GET_SEAT, code:00, time_process:3, request_id:23313
2018-11-06 02:31:56, action:GET_SEAT, code:00, time_process:4, request_id:23313
2018-11-06 02:32:07, action:GET_SEAT, code:00, time_process:2, request_id:23313
2018-11-06 02:32:14, action:GET_SEAT, code:00, time_process:2, request_id:23313
2018-11-06 02:32:29, action:SEARCH_TRAIN, code:00, time_process:0
2018-11-06 02:32:38, action:GET_SEAT, code:00, time_process:3, request_id:23314
2018-11-06 02:32:51, action:GET_SEAT, code:00, time_process:4, request_id:23314
2018-11-06 02:33:01, action:GET_SEAT, code:00, time_process:2, request_id:23314
2018-11-06 02:33:11, action:GET_SEAT, code:00, time_process:2, request_id:23314
2018-11-06 02:33:21, action:GET_SEAT, code:00, time_process:2, request_id:23314
2018-11-06 02:33:29, action:GET_SEAT, code:00, time_process:2, request_id:23314
2018-11-06 02:33:42, action:GET_SEAT, code:00, time_process:2, request_id:23314
2018-11-06 02:33:58, action:GET_SEAT, code:00, time_process:3, request_id:23314
2018-11-06 02:34:09, action:GET_SEAT, code:00, time_process:3, request_id:23314
2018-11-06 02:34:36, action:GET_SEAT, code:00, time_process:3, request_id:23314
2018-11-06 02:34:43, action:GET_SEAT, code:00, time_process:3, request_id:23314
2018-11-06 02:34:54, action:GET_SEAT, code:00, time_process:4, request_id:23314
2018-11-06 02:35:03, action:GET_SEAT, code:00, time_process:2, request_id:23314
2018-11-06 02:35:20, action:GET_SEAT, code:00, time_process:4, request_id:23314
2018-11-06 02:35:31, action:GET_SEAT, code:00, time_process:2, request_id:23314
2018-11-06 02:35:40, action:GET_SEAT, code:00, time_process:2, request_id:23314
2018-11-06 02:35:56, action:GET_SEAT, code:00, time_process:2, request_id:23314
2018-11-06 02:40:14, action:SEARCH_TRAIN, code:00, time_process:0
2018-11-06 02:40:30, action:GET_SEAT, code:00, time_process:2, request_id:23315
2018-11-06 03:11:37, action:SEARCH_TRAIN, code:99, time_process:0
2018-11-06 03:11:41, action:SEARCH_TRAIN, code:99, time_process:0
2018-11-06 03:11:57, action:SEARCH_TRAIN, code:99, time_process:0
2018-11-06 03:14:34, action:SEARCH_TRAIN, code:99, time_process:0
2018-11-06 03:28:55, action:SEARCH_TRAIN, code:99, time_process:0
2018-11-06 03:29:07, action:SEARCH_TRAIN, code:99, time_process:0
2018-11-06 04:12:24, action:SEARCH_TRAIN, code:00, time_process:0
2018-11-06 04:13:06, action:GET_SEAT, code:00, time_process:13, request_id:23322
2018-11-06 04:13:18, action:GET_SEAT, code:00, time_process:5, request_id:23322
2018-11-06 04:13:39, action:GET_SEAT, code:00, time_process:5, request_id:23322
2018-11-06 04:14:14, action:HOLD_SEAT, code:00, time_process:0, Request_id:23322
2018-11-06 04:15:30, action:BOOK, code:00, time_process:3, Request_id:23322
2018-11-06 04:16:29, action:ISSUE_TICKET, code:00, time_process:10, Book_Id:1982, DESC:Success
2018-11-06 05:07:41, action:SEARCH_TRAIN, code:00, time_process:1
2018-11-06 05:08:45, action:GET_SEAT, code:00, time_process:2, request_id:23323
2018-11-06 05:11:11, action:SEARCH_TRAIN, code:00, time_process:1
2018-11-06 05:11:52, action:GET_SEAT, code:00, time_process:2, request_id:23324
2018-11-06 05:12:43, action:SEARCH_TRAIN, code:00, time_process:0
2018-11-06 05:12:53, action:GET_SEAT, code:00, time_process:2, request_id:23325
2018-11-06 05:13:34, action:GET_SEAT, code:00, time_process:2, request_id:23325
2018-11-06 05:13:47, action:GET_SEAT, code:00, time_process:2, request_id:23325
2018-11-06 05:13:58, action:GET_SEAT, code:00, time_process:2, request_id:23325
2018-11-06 05:14:23, action:HOLD_SEAT, code:00, time_process:0, Request_id:23325
2018-11-06 06:07:01, action:SEARCH_TRAIN, code:00, time_process:0
2018-11-06 06:07:10, action:SEARCH_TRAIN, code:00, time_process:0
2018-11-06 06:07:40, action:SEARCH_TRAIN, code:00, time_process:0
2018-11-06 06:08:22, action:SEARCH_TRAIN, code:00, time_process:5
2018-11-06 06:08:23, action:SEARCH_TRAIN, code:00, time_process:6
2018-11-06 06:10:11, action:GET_SEAT, code:00, time_process:6, request_id:23330
2018-11-06 06:10:34, action:GET_SEAT, code:00, time_process:4, request_id:23330
2018-11-06 06:21:34, action:SEARCH_TRAIN, code:00, time_process:0
2018-11-06 06:22:07, action:GET_SEAT, code:00, time_process:2, request_id:23331
2018-11-06 06:22:38, action:HOLD_SEAT, code:00, time_process:0, Request_id:23331
2018-11-06 06:23:25, action:SEARCH_TRAIN, code:00, time_process:2
2018-11-06 06:24:16, action:GET_SEAT, code:00, time_process:4, request_id:23332
2018-11-06 06:24:35, action:GET_SEAT, code:00, time_process:5, request_id:23332
2018-11-06 06:24:46, action:GET_SEAT, code:00, time_process:4, request_id:23332
2018-11-06 06:24:56, action:GET_SEAT, code:00, time_process:4, request_id:23332
2018-11-06 06:25:17, action:GET_SEAT, code:00, time_process:4, request_id:23332
2018-11-06 06:25:50, action:SEARCH_TRAIN, code:00, time_process:0
2018-11-06 06:25:58, action:GET_SEAT, code:00, time_process:2, request_id:23333
2018-11-06 06:26:06, action:GET_SEAT, code:00, time_process:2, request_id:23333
2018-11-06 06:26:12, action:GET_SEAT, code:00, time_process:2, request_id:23333
2018-11-06 06:26:26, action:GET_SEAT, code:00, time_process:2, request_id:23333
2018-11-06 06:26:33, action:GET_SEAT, code:00, time_process:2, request_id:23333
2018-11-06 06:26:38, action:GET_SEAT, code:00, time_process:2, request_id:23333
2018-11-06 06:27:00, action:SEARCH_TRAIN, code:00, time_process:0
2018-11-06 06:27:08, action:GET_SEAT, code:00, time_process:3, request_id:23334
2018-11-06 06:27:15, action:GET_SEAT, code:00, time_process:3, request_id:23334
2018-11-06 06:27:22, action:GET_SEAT, code:00, time_process:3, request_id:23334
2018-11-06 06:27:54, action:SEARCH_TRAIN, code:00, time_process:5
2018-11-06 06:28:02, action:GET_SEAT, code:00, time_process:3, request_id:23335
2018-11-06 06:28:13, action:GET_SEAT, code:00, time_process:3, request_id:23335
2018-11-06 06:28:22, action:GET_SEAT, code:00, time_process:2, request_id:23335
2018-11-06 06:28:33, action:GET_SEAT, code:00, time_process:2, request_id:23335
2018-11-06 06:28:40, action:GET_SEAT, code:00, time_process:2, request_id:23335
2018-11-06 06:29:15, action:SEARCH_TRAIN, code:00, time_process:0
2018-11-06 06:29:23, action:GET_SEAT, code:00, time_process:3, request_id:23336
2018-11-06 06:29:30, action:GET_SEAT, code:00, time_process:3, request_id:23336
2018-11-06 06:29:41, action:GET_SEAT, code:00, time_process:3, request_id:23336
2018-11-06 06:29:48, action:GET_SEAT, code:00, time_process:2, request_id:23336
2018-11-06 06:29:54, action:GET_SEAT, code:00, time_process:2, request_id:23336
2018-11-06 06:30:10, action:SEARCH_TRAIN, code:00, time_process:0
2018-11-06 06:30:19, action:GET_SEAT, code:00, time_process:4, request_id:23337
2018-11-06 06:30:26, action:GET_SEAT, code:00, time_process:3, request_id:23337
2018-11-06 06:30:41, action:GET_SEAT, code:00, time_process:5, request_id:23337
2018-11-06 06:30:48, action:GET_SEAT, code:00, time_process:2, request_id:23337
2018-11-06 06:31:13, action:SEARCH_TRAIN, code:00, time_process:0
2018-11-06 06:31:22, action:GET_SEAT, code:00, time_process:4, request_id:23338
2018-11-06 06:31:29, action:GET_SEAT, code:00, time_process:3, request_id:23338
2018-11-06 06:31:36, action:GET_SEAT, code:00, time_process:3, request_id:23338
2018-11-06 06:31:42, action:GET_SEAT, code:00, time_process:2, request_id:23338
2018-11-06 06:31:48, action:GET_SEAT, code:00, time_process:2, request_id:23338
2018-11-06 06:32:15, action:SEARCH_TRAIN, code:00, time_process:0
2018-11-06 06:32:23, action:GET_SEAT, code:00, time_process:3, request_id:23339
2018-11-06 06:32:33, action:GET_SEAT, code:00, time_process:4, request_id:23339
2018-11-06 06:32:39, action:GET_SEAT, code:00, time_process:2, request_id:23339
2018-11-06 06:32:44, action:GET_SEAT, code:00, time_process:2, request_id:23339
2018-11-06 06:55:58, action:SEARCH_TRAIN, code:00, time_process:0
2018-11-06 06:56:26, action:GET_SEAT, code:00, time_process:5, request_id:23340
2018-11-06 07:02:57, action:SEARCH_TRAIN, code:00, time_process:0
2018-11-06 07:03:09, action:SEARCH_TRAIN, code:00, time_process:0
2018-11-06 07:12:05, action:SEARCH_TRAIN, code:00, time_process:0
2018-11-06 07:13:15, action:SEARCH_TRAIN, code:00, time_process:0
2018-11-06 07:13:44, action:SEARCH_TRAIN, code:00, time_process:0
2018-11-06 07:14:17, action:SEARCH_TRAIN, code:00, time_process:0
2018-11-06 07:17:13, action:SEARCH_TRAIN, code:00, time_process:0
2018-11-06 07:18:12, action:SEARCH_TRAIN, code:00, time_process:0
2018-11-06 07:18:15, action:SEARCH_TRAIN, code:00, time_process:1
2018-11-06 07:28:16, action:SEARCH_TRAIN, code:00, time_process:1
2018-11-06 07:28:43, action:GET_SEAT, code:00, time_process:5, request_id:23350
2018-11-06 07:28:59, action:GET_SEAT, code:00, time_process:5, request_id:23350
2018-11-06 07:29:11, action:SEARCH_TRAIN, code:00, time_process:0
2018-11-06 07:29:13, action:GET_SEAT, code:00, time_process:5, request_id:23350
2018-11-06 07:29:22, action:GET_SEAT, code:00, time_process:5, request_id:23351
2018-11-06 07:29:28, action:GET_SEAT, code:00, time_process:4, request_id:23350
2018-11-06 07:29:35, action:HOLD_SEAT, code:00, time_process:0, Request_id:23351
2018-11-06 07:29:39, action:GET_SEAT, code:00, time_process:3, request_id:23350
2018-11-06 07:29:48, action:GET_SEAT, code:00, time_process:3, request_id:23350
2018-11-06 07:30:00, action:GET_SEAT, code:00, time_process:3, request_id:23350
2018-11-06 07:30:17, action:GET_SEAT, code:00, time_process:5, request_id:23350
2018-11-06 07:30:35, action:GET_SEAT, code:00, time_process:5, request_id:23350
2018-11-06 07:30:51, action:GET_SEAT, code:00, time_process:5, request_id:23350
2018-11-06 07:30:51, action:BOOK, code:00, time_process:0, Request_id:23351
2018-11-06 07:31:05, action:GET_SEAT, code:00, time_process:4, request_id:23350
2018-11-06 07:31:14, action:SEARCH_TRAIN, code:00, time_process:1
2018-11-06 07:31:17, action:GET_SEAT, code:00, time_process:3, request_id:23350
2018-11-06 07:31:30, action:GET_SEAT, code:00, time_process:2, request_id:23350
2018-11-06 07:31:32, action:ISSUE_TICKET, code:00, time_process:10, Book_Id:1983, DESC:Success
2018-11-06 07:31:46, action:GET_SEAT, code:00, time_process:2, request_id:23352
2018-11-06 07:32:00, action:GET_SEAT, code:00, time_process:7, request_id:23352
2018-11-06 07:32:06, action:SEARCH_TRAIN, code:00, time_process:1
2018-11-06 07:32:10, action:SEARCH_TRAIN, code:00, time_process:3
2018-11-06 07:32:13, action:GET_SEAT, code:00, time_process:2, request_id:23352
2018-11-06 07:32:25, action:GET_SEAT, code:00, time_process:3, request_id:23354
2018-11-06 07:32:27, action:GET_SEAT, code:00, time_process:8, request_id:23350
2018-11-06 07:32:33, action:GET_SEAT, code:00, time_process:4, request_id:23354
2018-11-06 07:32:37, action:GET_SEAT, code:00, time_process:7, request_id:23352
2018-11-06 07:32:55, action:SEARCH_TRAIN, code:00, time_process:1
2018-11-06 07:33:06, action:SEARCH_TRAIN, code:00, time_process:1
2018-11-06 07:33:27, action:GET_SEAT, code:00, time_process:6, request_id:23350
2018-11-06 07:33:45, action:GET_SEAT, code:00, time_process:6, request_id:23350
2018-11-06 07:34:02, action:GET_SEAT, code:00, time_process:4, request_id:23350
2018-11-06 07:34:10, action:GET_SEAT, code:00, time_process:5, request_id:23352
2018-11-06 07:34:51, action:GET_SEAT, code:99, time_process:120, request_id:23352
2018-11-06 07:35:17, action:HOLD_SEAT, code:00, time_process:0, Request_id:23350
2018-11-06 07:36:00, action:SEARCH_TRAIN, code:00, time_process:2
2018-11-06 07:36:38, action:SEARCH_TRAIN, code:00, time_process:0
2018-11-06 07:36:39, action:GET_SEAT, code:00, time_process:4, request_id:23357
2018-11-06 07:36:40, action:SEARCH_TRAIN, code:00, time_process:0
2018-11-06 07:36:57, action:GET_SEAT, code:00, time_process:3, request_id:23357
2018-11-06 07:37:05, action:GET_SEAT, code:00, time_process:4, request_id:23357
2018-11-06 07:37:28, action:GET_SEAT, code:00, time_process:4, request_id:23357
2018-11-06 07:37:35, action:GET_SEAT, code:00, time_process:3, request_id:23357
2018-11-06 07:37:36, action:SEARCH_TRAIN, code:00, time_process:0
2018-11-06 07:37:55, action:GET_SEAT, code:00, time_process:6, request_id:23360
2018-11-06 07:37:55, action:GET_SEAT, code:00, time_process:6, request_id:23358
2018-11-06 07:38:39, action:SEARCH_TRAIN, code:00, time_process:0
2018-11-06 07:39:13, action:HOLD_SEAT, code:00, time_process:0, Request_id:23358
2018-11-06 07:39:33, action:GET_SEAT, code:00, time_process:5, request_id:23360
2018-11-06 07:39:38, action:GET_SEAT, code:00, time_process:7, request_id:23361
2018-11-06 07:40:00, action:SEARCH_TRAIN, code:00, time_process:0
2018-11-06 07:40:22, action:BOOK, code:00, time_process:0, Request_id:23350
2018-11-06 07:41:32, action:GET_SEAT, code:00, time_process:5, request_id:23360
2018-11-06 07:41:46, action:GET_SEAT, code:00, time_process:5, request_id:23360
2018-11-06 07:41:46, action:SEARCH_TRAIN, code:00, time_process:1
2018-11-06 07:42:04, action:GET_SEAT, code:00, time_process:4, request_id:23363
2018-11-06 07:42:14, action:SEARCH_TRAIN, code:00, time_process:0
2018-11-06 07:42:33, action:GET_SEAT, code:00, time_process:4, request_id:23362
2018-11-06 07:43:17, action:GET_SEAT, code:00, time_process:2, request_id:23362
2018-11-06 07:43:22, action:SEARCH_TRAIN, code:00, time_process:0
2018-11-06 07:43:31, action:GET_SEAT, code:00, time_process:2, request_id:23365
2018-11-06 07:43:31, action:GET_SEAT, code:00, time_process:2, request_id:23362
2018-11-06 07:43:45, action:SEARCH_TRAIN, code:00, time_process:0
2018-11-06 07:43:46, action:HOLD_SEAT, code:00, time_process:0, Request_id:23362
2018-11-06 07:44:10, action:GET_SEAT, code:00, time_process:5, request_id:23366
2018-11-06 07:44:11, action:SEARCH_TRAIN, code:00, time_process:1
2018-11-06 07:44:22, action:GET_SEAT, code:00, time_process:3, request_id:23367
2018-11-06 07:44:33, action:GET_SEAT, code:00, time_process:4, request_id:23367
2018-11-06 07:44:44, action:GET_SEAT, code:00, time_process:4, request_id:23367
2018-11-06 07:45:15, action:HOLD_SEAT, code:00, time_process:0, Request_id:23367
2018-11-06 07:45:18, action:BOOK, code:00, time_process:0, Request_id:23362
2018-11-06 07:46:05, action:BOOK, code:00, time_process:0, Request_id:23367
2018-11-06 07:46:51, action:ISSUE_TICKET, code:00, time_process:10, Book_Id:1985, DESC:Success
2018-11-06 07:48:19, action:ISSUE_TICKET, code:00, time_process:10, Book_Id:1986, DESC:Success
2018-11-06 07:55:53, action:SEARCH_TRAIN, code:00, time_process:2
2018-11-06 07:56:33, action:SEARCH_TRAIN, code:00, time_process:2
2018-11-06 07:57:23, action:GET_SEAT, code:00, time_process:4, request_id:23369
2018-11-06 07:57:49, action:GET_SEAT, code:00, time_process:4, request_id:23369
2018-11-06 08:06:38, action:SEARCH_TRAIN, code:00, time_process:1
2018-11-06 08:07:10, action:GET_SEAT, code:00, time_process:4, request_id:23370
2018-11-06 08:07:53, action:SEARCH_TRAIN, code:00, time_process:1
2018-11-06 08:08:33, action:GET_SEAT, code:00, time_process:2, request_id:23371
2018-11-06 08:08:44, action:GET_SEAT, code:00, time_process:2, request_id:23371
2018-11-06 08:08:51, action:GET_SEAT, code:00, time_process:3, request_id:23371
2018-11-06 08:08:58, action:GET_SEAT, code:00, time_process:2, request_id:23371
2018-11-06 08:09:16, action:GET_SEAT, code:00, time_process:2, request_id:23371
2018-11-06 08:09:34, action:GET_SEAT, code:00, time_process:2, request_id:23371
2018-11-06 08:29:05, action:SEARCH_TRAIN, code:00, time_process:0
2018-11-06 08:29:16, action:SEARCH_TRAIN, code:00, time_process:1
2018-11-06 08:30:01, action:SEARCH_TRAIN, code:00, time_process:1
2018-11-06 08:30:04, action:GET_SEAT, code:00, time_process:3, request_id:23373
2018-11-06 08:30:16, action:GET_SEAT, code:00, time_process:3, request_id:23373
2018-11-06 08:30:30, action:GET_SEAT, code:00, time_process:3, request_id:23373
2018-11-06 08:30:51, action:GET_SEAT, code:00, time_process:3, request_id:23373
2018-11-06 08:31:03, action:GET_SEAT, code:00, time_process:3, request_id:23373
2018-11-06 08:31:38, action:GET_SEAT, code:00, time_process:8, request_id:23373
2018-11-06 08:32:08, action:GET_SEAT, code:00, time_process:3, request_id:23373
2018-11-06 08:35:45, action:SEARCH_TRAIN, code:00, time_process:0
2018-11-06 08:38:44, action:SEARCH_TRAIN, code:00, time_process:0
2018-11-06 08:39:33, action:GET_SEAT, code:00, time_process:7, request_id:23376
2018-11-06 08:40:04, action:GET_SEAT, code:00, time_process:8, request_id:23376
2018-11-06 08:40:18, action:GET_SEAT, code:00, time_process:8, request_id:23376
2018-11-06 08:40:32, action:GET_SEAT, code:00, time_process:10, request_id:23376
2018-11-06 08:40:45, action:GET_SEAT, code:00, time_process:8, request_id:23376
2018-11-06 08:41:04, action:GET_SEAT, code:00, time_process:8, request_id:23376
2018-11-06 08:41:24, action:GET_SEAT, code:00, time_process:7, request_id:23376
2018-11-06 08:41:47, action:SEARCH_TRAIN, code:00, time_process:1
2018-11-06 08:42:01, action:GET_SEAT, code:00, time_process:5, request_id:23377
2018-11-06 08:42:12, action:GET_SEAT, code:00, time_process:5, request_id:23377
2018-11-06 08:42:20, action:GET_SEAT, code:00, time_process:4, request_id:23377
2018-11-06 08:43:46, action:SEARCH_TRAIN, code:00, time_process:0
2018-11-06 08:44:21, action:GET_SEAT, code:00, time_process:4, request_id:23378
2018-11-06 08:46:56, action:SEARCH_TRAIN, code:00, time_process:0
2018-11-06 08:47:13, action:GET_SEAT, code:00, time_process:4, request_id:23379
2018-11-06 08:47:57, action:SEARCH_TRAIN, code:00, time_process:0
2018-11-06 08:48:45, action:SEARCH_TRAIN, code:00, time_process:0
2018-11-06 08:49:11, action:GET_SEAT, code:00, time_process:2, request_id:23381
2018-11-06 08:49:18, action:GET_SEAT, code:00, time_process:2, request_id:23381
2018-11-06 08:49:27, action:GET_SEAT, code:00, time_process:3, request_id:23381
2018-11-06 08:49:38, action:GET_SEAT, code:00, time_process:2, request_id:23381
2018-11-06 08:49:44, action:GET_SEAT, code:00, time_process:2, request_id:23381
2018-11-06 08:49:56, action:GET_SEAT, code:00, time_process:2, request_id:23381
2018-11-06 08:50:11, action:GET_SEAT, code:00, time_process:2, request_id:23381
2018-11-06 08:50:16, action:GET_SEAT, code:00, time_process:2, request_id:23381
2018-11-06 08:50:23, action:GET_SEAT, code:00, time_process:3, request_id:23381
2018-11-06 08:50:31, action:GET_SEAT, code:00, time_process:4, request_id:23381
2018-11-06 08:50:47, action:GET_SEAT, code:00, time_process:3, request_id:23381
2018-11-06 08:51:27, action:GET_SEAT, code:00, time_process:2, request_id:23381
2018-11-06 08:51:37, action:GET_SEAT, code:00, time_process:2, request_id:23381
2018-11-06 08:51:46, action:GET_SEAT, code:00, time_process:2, request_id:23381
2018-11-06 08:51:51, action:GET_SEAT, code:00, time_process:2, request_id:23381
2018-11-06 08:52:05, action:SEARCH_TRAIN, code:00, time_process:0
2018-11-06 08:52:15, action:GET_SEAT, code:00, time_process:2, request_id:23381
2018-11-06 08:52:24, action:GET_SEAT, code:00, time_process:2, request_id:23381
2018-11-06 08:52:30, action:GET_SEAT, code:00, time_process:2, request_id:23381
2018-11-06 08:52:36, action:GET_SEAT, code:00, time_process:2, request_id:23381
2018-11-06 08:52:43, action:SEARCH_TRAIN, code:00, time_process:0
2018-11-06 08:53:18, action:GET_SEAT, code:00, time_process:5, request_id:23383
2018-11-06 08:54:04, action:GET_SEAT, code:00, time_process:6, request_id:23382
2018-11-06 08:54:40, action:GET_SEAT, code:00, time_process:6, request_id:23382
2018-11-06 08:54:52, action:GET_SEAT, code:00, time_process:5, request_id:23382
2018-11-06 08:55:10, action:SEARCH_TRAIN, code:00, time_process:1
2018-11-06 08:56:30, action:GET_SEAT, code:00, time_process:5, request_id:23382
2018-11-06 08:56:51, action:GET_SEAT, code:00, time_process:5, request_id:23382
2018-11-06 08:57:18, action:HOLD_SEAT, code:00, time_process:0, Request_id:23382
2018-11-06 08:57:35, action:GET_SEAT, code:00, time_process:5, request_id:23382
2018-11-06 08:58:08, action:GET_SEAT, code:00, time_process:5, request_id:23382
2018-11-06 08:58:48, action:HOLD_SEAT, code:00, time_process:0, Request_id:23382
2018-11-06 08:59:23, action:SEARCH_TRAIN, code:00, time_process:0
2018-11-06 08:59:36, action:GET_SEAT, code:00, time_process:4, request_id:23385
2018-11-06 08:59:57, action:HOLD_SEAT, code:00, time_process:0, Request_id:23385
2018-11-06 09:00:08, action:SEARCH_TRAIN, code:00, time_process:0
2018-11-06 09:00:23, action:GET_SEAT, code:00, time_process:5, request_id:23386
2018-11-06 09:00:59, action:HOLD_SEAT, code:00, time_process:0, Request_id:23386
2018-11-06 09:01:06, action:BOOK, code:00, time_process:0, Request_id:23385
2018-11-06 09:01:26, action:SEARCH_TRAIN, code:00, time_process:0
2018-11-06 09:01:41, action:GET_SEAT, code:00, time_process:2, request_id:23387
2018-11-06 09:01:48, action:GET_SEAT, code:00, time_process:3, request_id:23387
2018-11-06 09:01:53, action:GET_SEAT, code:00, time_process:2, request_id:23387
2018-11-06 09:02:03, action:HOLD_SEAT, code:00, time_process:0, Request_id:23386
2018-11-06 09:02:26, action:SEARCH_TRAIN, code:00, time_process:0
2018-11-06 09:02:28, action:HOLD_SEAT, code:00, time_process:0, Request_id:23387
2018-11-06 09:02:30, action:ISSUE_TICKET, code:00, time_process:10, Book_Id:1987, DESC:Success
2018-11-06 09:02:42, action:GET_SEAT, code:00, time_process:3, request_id:23388
2018-11-06 09:02:56, action:HOLD_SEAT, code:00, time_process:0, Request_id:23388
2018-11-06 09:03:23, action:SEARCH_TRAIN, code:00, time_process:0
2018-11-06 09:03:30, action:GET_SEAT, code:00, time_process:2, request_id:23389
2018-11-06 09:04:00, action:SEARCH_TRAIN, code:00, time_process:0
2018-11-06 09:04:34, action:GET_SEAT, code:00, time_process:7, request_id:23390
2018-11-06 09:04:36, action:BOOK, code:00, time_process:1, Request_id:23387
2018-11-06 09:04:46, action:BOOK, code:00, time_process:0, Request_id:23388
2018-11-06 09:04:50, action:SEARCH_TRAIN, code:00, time_process:0
